2017-12-13 11:40:20,936 ERROR 10536 [-/::1/-/30ms POST /] nodejs.ReferenceError: his is not defined
    at HomeController.post (C:\workspace\egg\app\controller\home.js:10:21)
    at Object.callFn (C:\workspace\egg\node_modules\_egg-core@4.2.2@egg-core\lib\utils\index.js:44:21)
    at Object.classControllerMiddleware (C:\workspace\egg\node_modules\_egg-core@4.2.2@egg-core\lib\loader\mixin\controller.js:84:20)
    at Object.callFn (C:\workspace\egg\node_modules\_egg-core@4.2.2@egg-core\lib\utils\index.js:44:21)
    at wrappedController (C:\workspace\egg\node_modules\_egg-core@4.2.2@egg-core\lib\utils\router.js:319:18)
    at dispatch (C:\workspace\egg\node_modules\_koa-compose@3.2.1@koa-compose\index.js:44:32)
    at next (C:\workspace\egg\node_modules\_koa-compose@3.2.1@koa-compose\index.js:45:18)
    at C:\workspace\egg\node_modules\_koa-router@7.3.0@koa-router\lib\router.js:345:16
    at dispatch (C:\workspace\egg\node_modules\_koa-compose@3.2.1@koa-compose\index.js:44:32)
    at C:\workspace\egg\node_modules\_koa-compose@3.2.1@koa-compose\index.js:36:12
headers: { 'Access-Control-Allow-Origin': '*' }
pid: 10536
hostname: DESKTOP-N4L7F91

2017-12-14 09:07:18,367 ERROR 16028 [-/::1/-/40ms POST /] nodejs.ReferenceError: reportTime is not defined
    at C:\workspace\egg\app\middleware\query.js:7:9
    at <anonymous>
    at process._tickCallback (internal/process/next_tick.js:188:7)
headers: { 'Access-Control-Allow-Origin': '*' }
pid: 16028
hostname: DESKTOP-N4L7F91

2017-12-14 09:10:06,884 ERROR 16160 [-/::1/-/15ms GET /] nodejs.SyntaxError: Unexpected token o in JSON at position 1
    at JSON.parse (<anonymous>)
    at HomeController.index (C:\workspace\egg\app\controller\home.js:8:30)
    at Object.callFn (C:\workspace\egg\node_modules\_egg-core@4.2.2@egg-core\lib\utils\index.js:44:21)
    at Object.classControllerMiddleware (C:\workspace\egg\node_modules\_egg-core@4.2.2@egg-core\lib\loader\mixin\controller.js:84:20)
    at Object.callFn (C:\workspace\egg\node_modules\_egg-core@4.2.2@egg-core\lib\utils\index.js:44:21)
    at wrappedController (C:\workspace\egg\node_modules\_egg-core@4.2.2@egg-core\lib\utils\router.js:319:18)
    at dispatch (C:\workspace\egg\node_modules\_koa-compose@3.2.1@koa-compose\index.js:44:32)
    at next (C:\workspace\egg\node_modules\_koa-compose@3.2.1@koa-compose\index.js:45:18)
    at C:\workspace\egg\node_modules\_koa-router@7.3.0@koa-router\lib\router.js:345:16
    at dispatch (C:\workspace\egg\node_modules\_koa-compose@3.2.1@koa-compose\index.js:44:32)
headers: { 'Access-Control-Allow-Origin': '*' }
pid: 16160
hostname: DESKTOP-N4L7F91

2017-12-19 14:19:01,908 ERROR 11344 nodejs.ReferenceError: $ is not defined (uncaughtException throw 1 times on pid:11344)
    at Request._callback (C:\workspace\egg\app\controller\home.js:15:19)
    at Request.self.callback (C:\workspace\egg\node_modules\_request@2.83.0@request\request.js:186:22)
    at Request.emit (events.js:159:13)
    at Request.<anonymous> (C:\workspace\egg\node_modules\_request@2.83.0@request\request.js:1163:10)
    at Request.emit (events.js:159:13)
    at IncomingMessage.<anonymous> (C:\workspace\egg\node_modules\_request@2.83.0@request\request.js:1085:12)
    at Object.onceWrapper (events.js:254:19)
    at IncomingMessage.emit (events.js:164:20)
    at endReadableNT (_stream_readable.js:1054:12)
    at _combinedTickCallback (internal/process/next_tick.js:138:11)

pid: 11344
hostname: DESKTOP-N4L7F91

2017-12-19 14:29:52,399 ERROR 9284 [-/::1/-/378ms POST /] nodejs.ReferenceError: res is not defined
    at HomeController.post (C:\workspace\egg\app\controller\home.js:16:13)
    at <anonymous>
headers: { 'Access-Control-Allow-Origin': '*' }
pid: 9284
hostname: DESKTOP-N4L7F91

2017-12-19 14:48:16,457 ERROR 3952 [-/::1/-/27ms POST /] nodejs.TypeError [ERR_INVALID_ARG_TYPE]: The "string" argument must be one of type string, Buffer, or ArrayBuffer. Received type undefined
    at Function.byteLength (buffer.js:510:11)
    at respond (C:\workspace\egg\node_modules\_koa@2.4.1@koa\lib\application.js:246:25)
    at handleResponse (C:\workspace\egg\node_modules\_koa@2.4.1@koa\lib\application.js:148:34)
    at <anonymous>
    at process._tickCallback (internal/process/next_tick.js:188:7)

pid: 3952
hostname: DESKTOP-N4L7F91

2017-12-19 14:48:34,113 ERROR 3952 [-/::1/-/4ms POST /] nodejs.TypeError [ERR_INVALID_ARG_TYPE]: The "string" argument must be one of type string, Buffer, or ArrayBuffer. Received type undefined
    at Function.byteLength (buffer.js:510:11)
    at respond (C:\workspace\egg\node_modules\_koa@2.4.1@koa\lib\application.js:246:25)
    at handleResponse (C:\workspace\egg\node_modules\_koa@2.4.1@koa\lib\application.js:148:34)
    at <anonymous>
    at process._tickCallback (internal/process/next_tick.js:188:7)

pid: 3952
hostname: DESKTOP-N4L7F91

2017-12-19 14:48:35,986 ERROR 13880 [-/::1/-/21ms POST /] nodejs.Error: controller not exists
    at resolveController (C:\workspace\egg\node_modules\_egg-core@4.2.2@egg-core\lib\utils\router.js:295:26)
    at spliteAndResolveRouterParams (C:\workspace\egg\node_modules\_egg-core@4.2.2@egg-core\lib\utils\router.js:274:20)
    at Router.(anonymous function).args [as all] (C:\workspace\egg\node_modules\_egg-core@4.2.2@egg-core\lib\utils\router.js:72:25)
    at HomeController.index (C:\workspace\egg\app\controller\home.js:9:37)
    at Object.callFn (C:\workspace\egg\node_modules\_egg-core@4.2.2@egg-core\lib\utils\index.js:44:21)
    at Object.classControllerMiddleware (C:\workspace\egg\node_modules\_egg-core@4.2.2@egg-core\lib\loader\mixin\controller.js:84:20)
    at Object.callFn (C:\workspace\egg\node_modules\_egg-core@4.2.2@egg-core\lib\utils\index.js:44:21)
    at wrappedController (C:\workspace\egg\node_modules\_egg-core@4.2.2@egg-core\lib\utils\router.js:319:18)
    at dispatch (C:\workspace\egg\node_modules\_koa-compose@3.2.1@koa-compose\index.js:44:32)
    at next (C:\workspace\egg\node_modules\_koa-compose@3.2.1@koa-compose\index.js:45:18)
    at C:\workspace\egg\node_modules\_koa-router@7.3.0@koa-router\lib\router.js:345:16
    at dispatch (C:\workspace\egg\node_modules\_koa-compose@3.2.1@koa-compose\index.js:44:32)
    at C:\workspace\egg\node_modules\_koa-compose@3.2.1@koa-compose\index.js:36:12
    at dispatch (C:\workspace\egg\node_modules\_koa-router@7.3.0@koa-router\lib\router.js:350:31)
    at dispatch (C:\workspace\egg\node_modules\_koa-compose@4.0.0@koa-compose\index.js:42:32)
    at next (C:\workspace\egg\node_modules\_koa-compose@4.0.0@koa-compose\index.js:43:18)
    at C:\workspace\egg\app\middleware\query.js:4:15
    at dispatch (C:\workspace\egg\node_modules\_koa-compose@4.0.0@koa-compose\index.js:42:32)
    at next (C:\workspace\egg\node_modules\_koa-compose@4.0.0@koa-compose\index.js:43:18)
    at C:\workspace\egg\app\middleware\request.js:4:15
    at dispatch (C:\workspace\egg\node_modules\_koa-compose@4.0.0@koa-compose\index.js:42:32)
    at next (C:\workspace\egg\node_modules\_koa-compose@4.0.0@koa-compose\index.js:43:18)
headers: { 'Access-Control-Allow-Origin': '*' }
pid: 13880
hostname: DESKTOP-N4L7F91

2017-12-19 15:05:23,633 ERROR 3640 [-/::1/-/21029ms POST /zhaopin] nodejs.RequestError: Error: connect ETIMEDOUT 115.239.210.44:80
    at new RequestError (C:\workspace\egg\node_modules\_request-promise-core@1.1.1@request-promise-core\lib\errors.js:14:15)
    at Request.plumbing.callback (C:\workspace\egg\node_modules\_request-promise-core@1.1.1@request-promise-core\lib\plumbing.js:87:29)
    at Request.RP$callback [as _callback] (C:\workspace\egg\node_modules\_request-promise-core@1.1.1@request-promise-core\lib\plumbing.js:46:31)
    at self.callback (C:\workspace\egg\node_modules\_request@2.83.0@request\request.js:186:22)
    at Request.emit (events.js:159:13)
    at Request.onRequestError (C:\workspace\egg\node_modules\_request@2.83.0@request\request.js:878:8)
    at ClientRequest.emit (events.js:159:13)
    at Socket.socketErrorListener (_http_client.js:389:9)
    at Socket.emit (events.js:159:13)
    at emitErrorNT (internal/streams/destroy.js:64:8)
    at _combinedTickCallback (internal/process/next_tick.js:138:11)
    at process._tickCallback (internal/process/next_tick.js:180:9)
From previous event:
    at Promise.longStackTracesCaptureStackTrace [as _captureStackTrace] (C:\workspace\egg\node_modules\_bluebird@3.5.1@bluebird\js\release\debuggability.js:400:19)
    at Promise._resolveFromExecutor (C:\workspace\egg\node_modules\_bluebird@3.5.1@bluebird\js\release\promise.js:480:10)
    at new Promise (C:\workspace\egg\node_modules\_bluebird@3.5.1@bluebird\js\release\promise.js:79:10)
    at Request.plumbing.init (C:\workspace\egg\node_modules\_request-promise-core@1.1.1@request-promise-core\lib\plumbing.js:36:28)
    at Request.RP$initInterceptor [as init] (C:\workspace\egg\node_modules\_request-promise-core@1.1.1@request-promise-core\configure\request2.js:41:27)
    at new Request (C:\workspace\egg\node_modules\_request@2.83.0@request\request.js:128:8)
    at request (C:\workspace\egg\node_modules\_request@2.83.0@request\index.js:53:10)
    at HomeController.zhaopin (C:\workspace\egg\app\controller\home.js:15:28)
    at Object.callFn (C:\workspace\egg\node_modules\_egg-core@4.2.2@egg-core\lib\utils\index.js:44:21)
    at Object.classControllerMiddleware (C:\workspace\egg\node_modules\_egg-core@4.2.2@egg-core\lib\loader\mixin\controller.js:84:20)
    at Object.callFn (C:\workspace\egg\node_modules\_egg-core@4.2.2@egg-core\lib\utils\index.js:44:21)
    at wrappedController (C:\workspace\egg\node_modules\_egg-core@4.2.2@egg-core\lib\utils\router.js:319:18)
    at dispatch (C:\workspace\egg\node_modules\_koa-compose@3.2.1@koa-compose\index.js:44:32)
    at next (C:\workspace\egg\node_modules\_koa-compose@3.2.1@koa-compose\index.js:45:18)
    at C:\workspace\egg\node_modules\_koa-router@7.3.0@koa-router\lib\router.js:345:16
    at dispatch (C:\workspace\egg\node_modules\_koa-compose@3.2.1@koa-compose\index.js:44:32)
    at C:\workspace\egg\node_modules\_koa-compose@3.2.1@koa-compose\index.js:36:12
    at dispatch (C:\workspace\egg\node_modules\_koa-router@7.3.0@koa-router\lib\router.js:350:31)
    at dispatch (C:\workspace\egg\node_modules\_koa-compose@4.0.0@koa-compose\index.js:42:32)
    at next (C:\workspace\egg\node_modules\_koa-compose@4.0.0@koa-compose\index.js:43:18)
    at C:\workspace\egg\app\middleware\query.js:4:15
    at dispatch (C:\workspace\egg\node_modules\_koa-compose@4.0.0@koa-compose\index.js:42:32)
    at next (C:\workspace\egg\node_modules\_koa-compose@4.0.0@koa-compose\index.js:43:18)
    at C:\workspace\egg\app\middleware\request.js:4:15
    at dispatch (C:\workspace\egg\node_modules\_koa-compose@4.0.0@koa-compose\index.js:42:32)
    at next (C:\workspace\egg\node_modules\_koa-compose@4.0.0@koa-compose\index.js:43:18)
    at i18n (C:\workspace\egg\node_modules\_egg-i18n@2.0.0@egg-i18n\app\middleware\i18n.js:13:12)
    at dispatch (C:\workspace\egg\node_modules\_koa-compose@4.0.0@koa-compose\index.js:42:32)
name: 'RequestError'
message: 'Error: connect ETIMEDOUT 115.239.210.44:80'
cause: { Error: connect ETIMEDOUT 115.239.210.44:80 at Object._errnoException (util.js:1031:13) at _exceptionWithHostPort (util.js:1052:20) at TCPConnectWrap.afterConnect [as oncomplete] (net.js:1195:14) errno: 'ETIMEDOUT', code: 'ETIMEDOUT', syscall: 'connect', address: '115.239.210.44', port: 80 }
error: { Error: connect ETIMEDOUT 115.239.210.44:80 at Object._errnoException (util.js:1031:13) at _exceptionWithHostPort (util.js:1052:20) at TCPConnectWrap.afterConnect [as oncomplete] (net.js:1195:14) errno: 'ETIMEDOUT', code: 'ETIMEDOUT', syscall: 'connect', address: '115.239.210.44', port: 80 }
options: { uri: 'http://zhaopin.baidu.com/quanzhi?query=node', callback: [Function: RP$callback], transform: undefined, simple: true, resolveWithFullResponse: false, transform2xxOnly: false }
response: undefined
headers: { 'Access-Control-Allow-Origin': '*' }
pid: 3640
hostname: DESKTOP-N4L7F91

2017-12-19 16:32:33,554 ERROR 16784 nodejs.unhandledRejectionError: ER_TRUNCATED_WRONG_VALUE: Incorrect datetime value: '1513672353549' for column 'time' at row 1
    at Query.Sequence._packetToError (C:\workspace\egg\node_modules\_mysql@2.15.0@mysql\lib\protocol\sequences\Sequence.js:52:14)
    at Query.ErrorPacket (C:\workspace\egg\node_modules\_mysql@2.15.0@mysql\lib\protocol\sequences\Query.js:77:18)
    at Protocol._parsePacket (C:\workspace\egg\node_modules\_mysql@2.15.0@mysql\lib\protocol\Protocol.js:279:23)
    at Parser.write (C:\workspace\egg\node_modules\_mysql@2.15.0@mysql\lib\protocol\Parser.js:76:12)
    at Protocol.write (C:\workspace\egg\node_modules\_mysql@2.15.0@mysql\lib\protocol\Protocol.js:39:16)
    at Socket.<anonymous> (C:\workspace\egg\node_modules\_mysql@2.15.0@mysql\lib\Connection.js:103:28)
    at Socket.emit (events.js:159:13)
    at addChunk (_stream_readable.js:265:12)
    at readableAddChunk (_stream_readable.js:252:11)
    at Socket.Readable.push (_stream_readable.js:209:10)
    at TCP.onread (net.js:598:20)
    --------------------
    at Pool.query (C:\workspace\egg\node_modules\_mysql@2.15.0@mysql\lib\Pool.js:199:23)
    at C:\workspace\egg\node_modules\_pify@2.3.0@pify\index.js:29:7
    at new Promise (<anonymous>)
    at Pool.<anonymous> (C:\workspace\egg\node_modules\_pify@2.3.0@pify\index.js:12:10)
    at Pool.ret [as query] (C:\workspace\egg\node_modules\_pify@2.3.0@pify\index.js:56:34)
    at RDSClient.proto._query (C:\workspace\egg\node_modules\_ali-rds@3.0.1@ali-rds\lib\client.js:34:20)
    at RDSClient.proto.query (C:\workspace\egg\node_modules\_ali-rds@3.0.1@ali-rds\lib\operator.js:54:29)
    at proto.query.next (<anonymous>)
    at onFulfilled (C:\workspace\egg\node_modules\_co@4.6.0@co\index.js:65:19)
    at C:\workspace\egg\node_modules\_co@4.6.0@co\index.js:54:5
    at new Promise (<anonymous>)
    at RDSClient.co (C:\workspace\egg\node_modules\_co@4.6.0@co\index.js:50:10)
    at RDSClient.createPromise [as query] (C:\workspace\egg\node_modules\_co@4.6.0@co\index.js:30:15)
    at RDSClient.proto.insert (C:\workspace\egg\node_modules\_ali-rds@3.0.1@ali-rds\lib\operator.js:141:21)
    at proto.insert.next (<anonymous>)
    at onFulfilled (C:\workspace\egg\node_modules\_co@4.6.0@co\index.js:65:19)
    at C:\workspace\egg\node_modules\_co@4.6.0@co\index.js:54:5
    at new Promise (<anonymous>)
    at RDSClient.co (C:\workspace\egg\node_modules\_co@4.6.0@co\index.js:50:10)
    at RDSClient.createPromise [as insert] (C:\workspace\egg\node_modules\_co@4.6.0@co\index.js:30:15)
    at JobSpider.subscribe (C:\workspace\egg\app\schedule\jobSpider.js:21:30)
    at <anonymous>
    sql: INSERT INTO `jobs`(`name`, `count`, `time`) VALUES('前端', '76441', 1513672353549)
code: 'ER_TRUNCATED_WRONG_VALUE'
errno: 1292
sqlMessage: 'Incorrect datetime value: \'1513672353549\' for column \'time\' at row 1'
sqlState: '22007'
index: 0
sql: 'INSERT INTO `jobs`(`name`, `count`, `time`) VALUES(\'前端\', \'76441\', 1513672353549)'
name: 'unhandledRejectionError'
pid: 16784
hostname: DESKTOP-N4L7F91

2017-12-19 16:32:43,726 ERROR 16784 nodejs.ER_TRUNCATED_WRONG_VALUEError: [egg-schedule] C:\workspace\egg\app\schedule\jobSpider.js excute error. ER_TRUNCATED_WRONG_VALUE: Incorrect datetime value: '1513672363724' for column 'time' at row 1
    at Query.Sequence._packetToError (C:\workspace\egg\node_modules\_mysql@2.15.0@mysql\lib\protocol\sequences\Sequence.js:52:14)
    at Query.ErrorPacket (C:\workspace\egg\node_modules\_mysql@2.15.0@mysql\lib\protocol\sequences\Query.js:77:18)
    at Protocol._parsePacket (C:\workspace\egg\node_modules\_mysql@2.15.0@mysql\lib\protocol\Protocol.js:279:23)
    at Parser.write (C:\workspace\egg\node_modules\_mysql@2.15.0@mysql\lib\protocol\Parser.js:76:12)
    at Protocol.write (C:\workspace\egg\node_modules\_mysql@2.15.0@mysql\lib\protocol\Protocol.js:39:16)
    at Socket.<anonymous> (C:\workspace\egg\node_modules\_mysql@2.15.0@mysql\lib\Connection.js:103:28)
    at Socket.emit (events.js:159:13)
    at addChunk (_stream_readable.js:265:12)
    at readableAddChunk (_stream_readable.js:252:11)
    at Socket.Readable.push (_stream_readable.js:209:10)
    at TCP.onread (net.js:598:20)
    --------------------
    at Pool.query (C:\workspace\egg\node_modules\_mysql@2.15.0@mysql\lib\Pool.js:199:23)
    at C:\workspace\egg\node_modules\_pify@2.3.0@pify\index.js:29:7
    at new Promise (<anonymous>)
    at Pool.<anonymous> (C:\workspace\egg\node_modules\_pify@2.3.0@pify\index.js:12:10)
    at Pool.ret [as query] (C:\workspace\egg\node_modules\_pify@2.3.0@pify\index.js:56:34)
    at RDSClient.proto._query (C:\workspace\egg\node_modules\_ali-rds@3.0.1@ali-rds\lib\client.js:34:20)
    at RDSClient.proto.query (C:\workspace\egg\node_modules\_ali-rds@3.0.1@ali-rds\lib\operator.js:54:29)
    at proto.query.next (<anonymous>)
    at onFulfilled (C:\workspace\egg\node_modules\_co@4.6.0@co\index.js:65:19)
    at C:\workspace\egg\node_modules\_co@4.6.0@co\index.js:54:5
    at new Promise (<anonymous>)
    at RDSClient.co (C:\workspace\egg\node_modules\_co@4.6.0@co\index.js:50:10)
    at RDSClient.createPromise [as query] (C:\workspace\egg\node_modules\_co@4.6.0@co\index.js:30:15)
    at RDSClient.proto.insert (C:\workspace\egg\node_modules\_ali-rds@3.0.1@ali-rds\lib\operator.js:141:21)
    at proto.insert.next (<anonymous>)
    at onFulfilled (C:\workspace\egg\node_modules\_co@4.6.0@co\index.js:65:19)
    at C:\workspace\egg\node_modules\_co@4.6.0@co\index.js:54:5
    at new Promise (<anonymous>)
    at RDSClient.co (C:\workspace\egg\node_modules\_co@4.6.0@co\index.js:50:10)
    at RDSClient.createPromise [as insert] (C:\workspace\egg\node_modules\_co@4.6.0@co\index.js:30:15)
    at JobSpider.subscribe (C:\workspace\egg\app\schedule\jobSpider.js:21:30)
    at <anonymous>
    sql: INSERT INTO `jobs`(`name`, `count`, `time`) VALUES('前端', '76441', 1513672363724)
code: 'ER_TRUNCATED_WRONG_VALUE'
errno: 1292
sqlMessage: 'Incorrect datetime value: \'1513672363724\' for column \'time\' at row 1'
sqlState: '22007'
index: 0
sql: 'INSERT INTO `jobs`(`name`, `count`, `time`) VALUES(\'前端\', \'76441\', 1513672363724)'
name: 'ER_TRUNCATED_WRONG_VALUEError'
pid: 16784
hostname: DESKTOP-N4L7F91

2017-12-19 16:32:53,616 ERROR 16784 nodejs.ER_TRUNCATED_WRONG_VALUEError: [egg-schedule] C:\workspace\egg\app\schedule\jobSpider.js excute error. ER_TRUNCATED_WRONG_VALUE: Incorrect datetime value: '1513672373615' for column 'time' at row 1
    at Query.Sequence._packetToError (C:\workspace\egg\node_modules\_mysql@2.15.0@mysql\lib\protocol\sequences\Sequence.js:52:14)
    at Query.ErrorPacket (C:\workspace\egg\node_modules\_mysql@2.15.0@mysql\lib\protocol\sequences\Query.js:77:18)
    at Protocol._parsePacket (C:\workspace\egg\node_modules\_mysql@2.15.0@mysql\lib\protocol\Protocol.js:279:23)
    at Parser.write (C:\workspace\egg\node_modules\_mysql@2.15.0@mysql\lib\protocol\Parser.js:76:12)
    at Protocol.write (C:\workspace\egg\node_modules\_mysql@2.15.0@mysql\lib\protocol\Protocol.js:39:16)
    at Socket.<anonymous> (C:\workspace\egg\node_modules\_mysql@2.15.0@mysql\lib\Connection.js:103:28)
    at Socket.emit (events.js:159:13)
    at addChunk (_stream_readable.js:265:12)
    at readableAddChunk (_stream_readable.js:252:11)
    at Socket.Readable.push (_stream_readable.js:209:10)
    at TCP.onread (net.js:598:20)
    --------------------
    at Pool.query (C:\workspace\egg\node_modules\_mysql@2.15.0@mysql\lib\Pool.js:199:23)
    at C:\workspace\egg\node_modules\_pify@2.3.0@pify\index.js:29:7
    at new Promise (<anonymous>)
    at Pool.<anonymous> (C:\workspace\egg\node_modules\_pify@2.3.0@pify\index.js:12:10)
    at Pool.ret [as query] (C:\workspace\egg\node_modules\_pify@2.3.0@pify\index.js:56:34)
    at RDSClient.proto._query (C:\workspace\egg\node_modules\_ali-rds@3.0.1@ali-rds\lib\client.js:34:20)
    at RDSClient.proto.query (C:\workspace\egg\node_modules\_ali-rds@3.0.1@ali-rds\lib\operator.js:54:29)
    at proto.query.next (<anonymous>)
    at onFulfilled (C:\workspace\egg\node_modules\_co@4.6.0@co\index.js:65:19)
    at C:\workspace\egg\node_modules\_co@4.6.0@co\index.js:54:5
    at new Promise (<anonymous>)
    at RDSClient.co (C:\workspace\egg\node_modules\_co@4.6.0@co\index.js:50:10)
    at RDSClient.createPromise [as query] (C:\workspace\egg\node_modules\_co@4.6.0@co\index.js:30:15)
    at RDSClient.proto.insert (C:\workspace\egg\node_modules\_ali-rds@3.0.1@ali-rds\lib\operator.js:141:21)
    at proto.insert.next (<anonymous>)
    at onFulfilled (C:\workspace\egg\node_modules\_co@4.6.0@co\index.js:65:19)
    at C:\workspace\egg\node_modules\_co@4.6.0@co\index.js:54:5
    at new Promise (<anonymous>)
    at RDSClient.co (C:\workspace\egg\node_modules\_co@4.6.0@co\index.js:50:10)
    at RDSClient.createPromise [as insert] (C:\workspace\egg\node_modules\_co@4.6.0@co\index.js:30:15)
    at JobSpider.subscribe (C:\workspace\egg\app\schedule\jobSpider.js:21:30)
    at <anonymous>
    sql: INSERT INTO `jobs`(`name`, `count`, `time`) VALUES('前端', '76441', 1513672373615)
code: 'ER_TRUNCATED_WRONG_VALUE'
errno: 1292
sqlMessage: 'Incorrect datetime value: \'1513672373615\' for column \'time\' at row 1'
sqlState: '22007'
index: 0
sql: 'INSERT INTO `jobs`(`name`, `count`, `time`) VALUES(\'前端\', \'76441\', 1513672373615)'
name: 'ER_TRUNCATED_WRONG_VALUEError'
pid: 16784
hostname: DESKTOP-N4L7F91

2017-12-19 16:33:03,682 ERROR 16784 nodejs.ER_TRUNCATED_WRONG_VALUEError: [egg-schedule] C:\workspace\egg\app\schedule\jobSpider.js excute error. ER_TRUNCATED_WRONG_VALUE: Incorrect datetime value: '1513672383646' for column 'time' at row 1
    at Query.Sequence._packetToError (C:\workspace\egg\node_modules\_mysql@2.15.0@mysql\lib\protocol\sequences\Sequence.js:52:14)
    at Query.ErrorPacket (C:\workspace\egg\node_modules\_mysql@2.15.0@mysql\lib\protocol\sequences\Query.js:77:18)
    at Protocol._parsePacket (C:\workspace\egg\node_modules\_mysql@2.15.0@mysql\lib\protocol\Protocol.js:279:23)
    at Parser.write (C:\workspace\egg\node_modules\_mysql@2.15.0@mysql\lib\protocol\Parser.js:76:12)
    at Protocol.write (C:\workspace\egg\node_modules\_mysql@2.15.0@mysql\lib\protocol\Protocol.js:39:16)
    at Socket.<anonymous> (C:\workspace\egg\node_modules\_mysql@2.15.0@mysql\lib\Connection.js:103:28)
    at Socket.emit (events.js:159:13)
    at addChunk (_stream_readable.js:265:12)
    at readableAddChunk (_stream_readable.js:252:11)
    at Socket.Readable.push (_stream_readable.js:209:10)
    at TCP.onread (net.js:598:20)
    --------------------
    at Pool.query (C:\workspace\egg\node_modules\_mysql@2.15.0@mysql\lib\Pool.js:199:23)
    at C:\workspace\egg\node_modules\_pify@2.3.0@pify\index.js:29:7
    at new Promise (<anonymous>)
    at Pool.<anonymous> (C:\workspace\egg\node_modules\_pify@2.3.0@pify\index.js:12:10)
    at Pool.ret [as query] (C:\workspace\egg\node_modules\_pify@2.3.0@pify\index.js:56:34)
    at RDSClient.proto._query (C:\workspace\egg\node_modules\_ali-rds@3.0.1@ali-rds\lib\client.js:34:20)
    at RDSClient.proto.query (C:\workspace\egg\node_modules\_ali-rds@3.0.1@ali-rds\lib\operator.js:54:29)
    at proto.query.next (<anonymous>)
    at onFulfilled (C:\workspace\egg\node_modules\_co@4.6.0@co\index.js:65:19)
    at C:\workspace\egg\node_modules\_co@4.6.0@co\index.js:54:5
    at new Promise (<anonymous>)
    at RDSClient.co (C:\workspace\egg\node_modules\_co@4.6.0@co\index.js:50:10)
    at RDSClient.createPromise [as query] (C:\workspace\egg\node_modules\_co@4.6.0@co\index.js:30:15)
    at RDSClient.proto.insert (C:\workspace\egg\node_modules\_ali-rds@3.0.1@ali-rds\lib\operator.js:141:21)
    at proto.insert.next (<anonymous>)
    at onFulfilled (C:\workspace\egg\node_modules\_co@4.6.0@co\index.js:65:19)
    at C:\workspace\egg\node_modules\_co@4.6.0@co\index.js:54:5
    at new Promise (<anonymous>)
    at RDSClient.co (C:\workspace\egg\node_modules\_co@4.6.0@co\index.js:50:10)
    at RDSClient.createPromise [as insert] (C:\workspace\egg\node_modules\_co@4.6.0@co\index.js:30:15)
    at JobSpider.subscribe (C:\workspace\egg\app\schedule\jobSpider.js:21:30)
    at <anonymous>
    sql: INSERT INTO `jobs`(`name`, `count`, `time`) VALUES('前端', '76441', 1513672383646)
code: 'ER_TRUNCATED_WRONG_VALUE'
errno: 1292
sqlMessage: 'Incorrect datetime value: \'1513672383646\' for column \'time\' at row 1'
sqlState: '22007'
index: 0
sql: 'INSERT INTO `jobs`(`name`, `count`, `time`) VALUES(\'前端\', \'76441\', 1513672383646)'
name: 'ER_TRUNCATED_WRONG_VALUEError'
pid: 16784
hostname: DESKTOP-N4L7F91

2017-12-19 16:33:13,614 ERROR 16784 nodejs.ER_TRUNCATED_WRONG_VALUEError: [egg-schedule] C:\workspace\egg\app\schedule\jobSpider.js excute error. ER_TRUNCATED_WRONG_VALUE: Incorrect datetime value: '1513672393612' for column 'time' at row 1
    at Query.Sequence._packetToError (C:\workspace\egg\node_modules\_mysql@2.15.0@mysql\lib\protocol\sequences\Sequence.js:52:14)
    at Query.ErrorPacket (C:\workspace\egg\node_modules\_mysql@2.15.0@mysql\lib\protocol\sequences\Query.js:77:18)
    at Protocol._parsePacket (C:\workspace\egg\node_modules\_mysql@2.15.0@mysql\lib\protocol\Protocol.js:279:23)
    at Parser.write (C:\workspace\egg\node_modules\_mysql@2.15.0@mysql\lib\protocol\Parser.js:76:12)
    at Protocol.write (C:\workspace\egg\node_modules\_mysql@2.15.0@mysql\lib\protocol\Protocol.js:39:16)
    at Socket.<anonymous> (C:\workspace\egg\node_modules\_mysql@2.15.0@mysql\lib\Connection.js:103:28)
    at Socket.emit (events.js:159:13)
    at addChunk (_stream_readable.js:265:12)
    at readableAddChunk (_stream_readable.js:252:11)
    at Socket.Readable.push (_stream_readable.js:209:10)
    at TCP.onread (net.js:598:20)
    --------------------
    at Pool.query (C:\workspace\egg\node_modules\_mysql@2.15.0@mysql\lib\Pool.js:199:23)
    at C:\workspace\egg\node_modules\_pify@2.3.0@pify\index.js:29:7
    at new Promise (<anonymous>)
    at Pool.<anonymous> (C:\workspace\egg\node_modules\_pify@2.3.0@pify\index.js:12:10)
    at Pool.ret [as query] (C:\workspace\egg\node_modules\_pify@2.3.0@pify\index.js:56:34)
    at RDSClient.proto._query (C:\workspace\egg\node_modules\_ali-rds@3.0.1@ali-rds\lib\client.js:34:20)
    at RDSClient.proto.query (C:\workspace\egg\node_modules\_ali-rds@3.0.1@ali-rds\lib\operator.js:54:29)
    at proto.query.next (<anonymous>)
    at onFulfilled (C:\workspace\egg\node_modules\_co@4.6.0@co\index.js:65:19)
    at C:\workspace\egg\node_modules\_co@4.6.0@co\index.js:54:5
    at new Promise (<anonymous>)
    at RDSClient.co (C:\workspace\egg\node_modules\_co@4.6.0@co\index.js:50:10)
    at RDSClient.createPromise [as query] (C:\workspace\egg\node_modules\_co@4.6.0@co\index.js:30:15)
    at RDSClient.proto.insert (C:\workspace\egg\node_modules\_ali-rds@3.0.1@ali-rds\lib\operator.js:141:21)
    at proto.insert.next (<anonymous>)
    at onFulfilled (C:\workspace\egg\node_modules\_co@4.6.0@co\index.js:65:19)
    at C:\workspace\egg\node_modules\_co@4.6.0@co\index.js:54:5
    at new Promise (<anonymous>)
    at RDSClient.co (C:\workspace\egg\node_modules\_co@4.6.0@co\index.js:50:10)
    at RDSClient.createPromise [as insert] (C:\workspace\egg\node_modules\_co@4.6.0@co\index.js:30:15)
    at JobSpider.subscribe (C:\workspace\egg\app\schedule\jobSpider.js:21:30)
    at <anonymous>
    sql: INSERT INTO `jobs`(`name`, `count`, `time`) VALUES('前端', '76441', 1513672393612)
code: 'ER_TRUNCATED_WRONG_VALUE'
errno: 1292
sqlMessage: 'Incorrect datetime value: \'1513672393612\' for column \'time\' at row 1'
sqlState: '22007'
index: 0
sql: 'INSERT INTO `jobs`(`name`, `count`, `time`) VALUES(\'前端\', \'76441\', 1513672393612)'
name: 'ER_TRUNCATED_WRONG_VALUEError'
pid: 16784
hostname: DESKTOP-N4L7F91

2017-12-19 16:33:23,676 ERROR 16784 nodejs.ER_TRUNCATED_WRONG_VALUEError: [egg-schedule] C:\workspace\egg\app\schedule\jobSpider.js excute error. ER_TRUNCATED_WRONG_VALUE: Incorrect datetime value: '1513672403674' for column 'time' at row 1
    at Query.Sequence._packetToError (C:\workspace\egg\node_modules\_mysql@2.15.0@mysql\lib\protocol\sequences\Sequence.js:52:14)
    at Query.ErrorPacket (C:\workspace\egg\node_modules\_mysql@2.15.0@mysql\lib\protocol\sequences\Query.js:77:18)
    at Protocol._parsePacket (C:\workspace\egg\node_modules\_mysql@2.15.0@mysql\lib\protocol\Protocol.js:279:23)
    at Parser.write (C:\workspace\egg\node_modules\_mysql@2.15.0@mysql\lib\protocol\Parser.js:76:12)
    at Protocol.write (C:\workspace\egg\node_modules\_mysql@2.15.0@mysql\lib\protocol\Protocol.js:39:16)
    at Socket.<anonymous> (C:\workspace\egg\node_modules\_mysql@2.15.0@mysql\lib\Connection.js:103:28)
    at Socket.emit (events.js:159:13)
    at addChunk (_stream_readable.js:265:12)
    at readableAddChunk (_stream_readable.js:252:11)
    at Socket.Readable.push (_stream_readable.js:209:10)
    at TCP.onread (net.js:598:20)
    --------------------
    at Pool.query (C:\workspace\egg\node_modules\_mysql@2.15.0@mysql\lib\Pool.js:199:23)
    at C:\workspace\egg\node_modules\_pify@2.3.0@pify\index.js:29:7
    at new Promise (<anonymous>)
    at Pool.<anonymous> (C:\workspace\egg\node_modules\_pify@2.3.0@pify\index.js:12:10)
    at Pool.ret [as query] (C:\workspace\egg\node_modules\_pify@2.3.0@pify\index.js:56:34)
    at RDSClient.proto._query (C:\workspace\egg\node_modules\_ali-rds@3.0.1@ali-rds\lib\client.js:34:20)
    at RDSClient.proto.query (C:\workspace\egg\node_modules\_ali-rds@3.0.1@ali-rds\lib\operator.js:54:29)
    at proto.query.next (<anonymous>)
    at onFulfilled (C:\workspace\egg\node_modules\_co@4.6.0@co\index.js:65:19)
    at C:\workspace\egg\node_modules\_co@4.6.0@co\index.js:54:5
    at new Promise (<anonymous>)
    at RDSClient.co (C:\workspace\egg\node_modules\_co@4.6.0@co\index.js:50:10)
    at RDSClient.createPromise [as query] (C:\workspace\egg\node_modules\_co@4.6.0@co\index.js:30:15)
    at RDSClient.proto.insert (C:\workspace\egg\node_modules\_ali-rds@3.0.1@ali-rds\lib\operator.js:141:21)
    at proto.insert.next (<anonymous>)
    at onFulfilled (C:\workspace\egg\node_modules\_co@4.6.0@co\index.js:65:19)
    at C:\workspace\egg\node_modules\_co@4.6.0@co\index.js:54:5
    at new Promise (<anonymous>)
    at RDSClient.co (C:\workspace\egg\node_modules\_co@4.6.0@co\index.js:50:10)
    at RDSClient.createPromise [as insert] (C:\workspace\egg\node_modules\_co@4.6.0@co\index.js:30:15)
    at JobSpider.subscribe (C:\workspace\egg\app\schedule\jobSpider.js:21:30)
    at <anonymous>
    sql: INSERT INTO `jobs`(`name`, `count`, `time`) VALUES('前端', '76441', 1513672403674)
code: 'ER_TRUNCATED_WRONG_VALUE'
errno: 1292
sqlMessage: 'Incorrect datetime value: \'1513672403674\' for column \'time\' at row 1'
sqlState: '22007'
index: 0
sql: 'INSERT INTO `jobs`(`name`, `count`, `time`) VALUES(\'前端\', \'76441\', 1513672403674)'
name: 'ER_TRUNCATED_WRONG_VALUEError'
pid: 16784
hostname: DESKTOP-N4L7F91

2017-12-19 16:33:33,639 ERROR 16784 nodejs.ER_TRUNCATED_WRONG_VALUEError: [egg-schedule] C:\workspace\egg\app\schedule\jobSpider.js excute error. ER_TRUNCATED_WRONG_VALUE: Incorrect datetime value: '1513672413604' for column 'time' at row 1
    at Query.Sequence._packetToError (C:\workspace\egg\node_modules\_mysql@2.15.0@mysql\lib\protocol\sequences\Sequence.js:52:14)
    at Query.ErrorPacket (C:\workspace\egg\node_modules\_mysql@2.15.0@mysql\lib\protocol\sequences\Query.js:77:18)
    at Protocol._parsePacket (C:\workspace\egg\node_modules\_mysql@2.15.0@mysql\lib\protocol\Protocol.js:279:23)
    at Parser.write (C:\workspace\egg\node_modules\_mysql@2.15.0@mysql\lib\protocol\Parser.js:76:12)
    at Protocol.write (C:\workspace\egg\node_modules\_mysql@2.15.0@mysql\lib\protocol\Protocol.js:39:16)
    at Socket.<anonymous> (C:\workspace\egg\node_modules\_mysql@2.15.0@mysql\lib\Connection.js:103:28)
    at Socket.emit (events.js:159:13)
    at addChunk (_stream_readable.js:265:12)
    at readableAddChunk (_stream_readable.js:252:11)
    at Socket.Readable.push (_stream_readable.js:209:10)
    at TCP.onread (net.js:598:20)
    --------------------
    at Pool.query (C:\workspace\egg\node_modules\_mysql@2.15.0@mysql\lib\Pool.js:199:23)
    at C:\workspace\egg\node_modules\_pify@2.3.0@pify\index.js:29:7
    at new Promise (<anonymous>)
    at Pool.<anonymous> (C:\workspace\egg\node_modules\_pify@2.3.0@pify\index.js:12:10)
    at Pool.ret [as query] (C:\workspace\egg\node_modules\_pify@2.3.0@pify\index.js:56:34)
    at RDSClient.proto._query (C:\workspace\egg\node_modules\_ali-rds@3.0.1@ali-rds\lib\client.js:34:20)
    at RDSClient.proto.query (C:\workspace\egg\node_modules\_ali-rds@3.0.1@ali-rds\lib\operator.js:54:29)
    at proto.query.next (<anonymous>)
    at onFulfilled (C:\workspace\egg\node_modules\_co@4.6.0@co\index.js:65:19)
    at C:\workspace\egg\node_modules\_co@4.6.0@co\index.js:54:5
    at new Promise (<anonymous>)
    at RDSClient.co (C:\workspace\egg\node_modules\_co@4.6.0@co\index.js:50:10)
    at RDSClient.createPromise [as query] (C:\workspace\egg\node_modules\_co@4.6.0@co\index.js:30:15)
    at RDSClient.proto.insert (C:\workspace\egg\node_modules\_ali-rds@3.0.1@ali-rds\lib\operator.js:141:21)
    at proto.insert.next (<anonymous>)
    at onFulfilled (C:\workspace\egg\node_modules\_co@4.6.0@co\index.js:65:19)
    at C:\workspace\egg\node_modules\_co@4.6.0@co\index.js:54:5
    at new Promise (<anonymous>)
    at RDSClient.co (C:\workspace\egg\node_modules\_co@4.6.0@co\index.js:50:10)
    at RDSClient.createPromise [as insert] (C:\workspace\egg\node_modules\_co@4.6.0@co\index.js:30:15)
    at JobSpider.subscribe (C:\workspace\egg\app\schedule\jobSpider.js:21:30)
    at <anonymous>
    sql: INSERT INTO `jobs`(`name`, `count`, `time`) VALUES('前端', '76441', 1513672413604)
code: 'ER_TRUNCATED_WRONG_VALUE'
errno: 1292
sqlMessage: 'Incorrect datetime value: \'1513672413604\' for column \'time\' at row 1'
sqlState: '22007'
index: 0
sql: 'INSERT INTO `jobs`(`name`, `count`, `time`) VALUES(\'前端\', \'76441\', 1513672413604)'
name: 'ER_TRUNCATED_WRONG_VALUEError'
pid: 16784
hostname: DESKTOP-N4L7F91

2017-12-19 16:33:43,781 ERROR 16784 nodejs.ER_TRUNCATED_WRONG_VALUEError: [egg-schedule] C:\workspace\egg\app\schedule\jobSpider.js excute error. ER_TRUNCATED_WRONG_VALUE: Incorrect datetime value: '1513672423777' for column 'time' at row 1
    at Query.Sequence._packetToError (C:\workspace\egg\node_modules\_mysql@2.15.0@mysql\lib\protocol\sequences\Sequence.js:52:14)
    at Query.ErrorPacket (C:\workspace\egg\node_modules\_mysql@2.15.0@mysql\lib\protocol\sequences\Query.js:77:18)
    at Protocol._parsePacket (C:\workspace\egg\node_modules\_mysql@2.15.0@mysql\lib\protocol\Protocol.js:279:23)
    at Parser.write (C:\workspace\egg\node_modules\_mysql@2.15.0@mysql\lib\protocol\Parser.js:76:12)
    at Protocol.write (C:\workspace\egg\node_modules\_mysql@2.15.0@mysql\lib\protocol\Protocol.js:39:16)
    at Socket.<anonymous> (C:\workspace\egg\node_modules\_mysql@2.15.0@mysql\lib\Connection.js:103:28)
    at Socket.emit (events.js:159:13)
    at addChunk (_stream_readable.js:265:12)
    at readableAddChunk (_stream_readable.js:252:11)
    at Socket.Readable.push (_stream_readable.js:209:10)
    at TCP.onread (net.js:598:20)
    --------------------
    at Pool.query (C:\workspace\egg\node_modules\_mysql@2.15.0@mysql\lib\Pool.js:199:23)
    at C:\workspace\egg\node_modules\_pify@2.3.0@pify\index.js:29:7
    at new Promise (<anonymous>)
    at Pool.<anonymous> (C:\workspace\egg\node_modules\_pify@2.3.0@pify\index.js:12:10)
    at Pool.ret [as query] (C:\workspace\egg\node_modules\_pify@2.3.0@pify\index.js:56:34)
    at RDSClient.proto._query (C:\workspace\egg\node_modules\_ali-rds@3.0.1@ali-rds\lib\client.js:34:20)
    at RDSClient.proto.query (C:\workspace\egg\node_modules\_ali-rds@3.0.1@ali-rds\lib\operator.js:54:29)
    at proto.query.next (<anonymous>)
    at onFulfilled (C:\workspace\egg\node_modules\_co@4.6.0@co\index.js:65:19)
    at C:\workspace\egg\node_modules\_co@4.6.0@co\index.js:54:5
    at new Promise (<anonymous>)
    at RDSClient.co (C:\workspace\egg\node_modules\_co@4.6.0@co\index.js:50:10)
    at RDSClient.createPromise [as query] (C:\workspace\egg\node_modules\_co@4.6.0@co\index.js:30:15)
    at RDSClient.proto.insert (C:\workspace\egg\node_modules\_ali-rds@3.0.1@ali-rds\lib\operator.js:141:21)
    at proto.insert.next (<anonymous>)
    at onFulfilled (C:\workspace\egg\node_modules\_co@4.6.0@co\index.js:65:19)
    at C:\workspace\egg\node_modules\_co@4.6.0@co\index.js:54:5
    at new Promise (<anonymous>)
    at RDSClient.co (C:\workspace\egg\node_modules\_co@4.6.0@co\index.js:50:10)
    at RDSClient.createPromise [as insert] (C:\workspace\egg\node_modules\_co@4.6.0@co\index.js:30:15)
    at JobSpider.subscribe (C:\workspace\egg\app\schedule\jobSpider.js:21:30)
    at <anonymous>
    sql: INSERT INTO `jobs`(`name`, `count`, `time`) VALUES('前端', '76441', 1513672423777)
code: 'ER_TRUNCATED_WRONG_VALUE'
errno: 1292
sqlMessage: 'Incorrect datetime value: \'1513672423777\' for column \'time\' at row 1'
sqlState: '22007'
index: 0
sql: 'INSERT INTO `jobs`(`name`, `count`, `time`) VALUES(\'前端\', \'76441\', 1513672423777)'
name: 'ER_TRUNCATED_WRONG_VALUEError'
pid: 16784
hostname: DESKTOP-N4L7F91

2017-12-19 16:33:59,952 ERROR 17208 nodejs.unhandledRejectionError: ER_NO_DEFAULT_FOR_FIELD: Field 'id' doesn't have a default value
    at Query.Sequence._packetToError (C:\workspace\egg\node_modules\_mysql@2.15.0@mysql\lib\protocol\sequences\Sequence.js:52:14)
    at Query.ErrorPacket (C:\workspace\egg\node_modules\_mysql@2.15.0@mysql\lib\protocol\sequences\Query.js:77:18)
    at Protocol._parsePacket (C:\workspace\egg\node_modules\_mysql@2.15.0@mysql\lib\protocol\Protocol.js:279:23)
    at Parser.write (C:\workspace\egg\node_modules\_mysql@2.15.0@mysql\lib\protocol\Parser.js:76:12)
    at Protocol.write (C:\workspace\egg\node_modules\_mysql@2.15.0@mysql\lib\protocol\Protocol.js:39:16)
    at Socket.<anonymous> (C:\workspace\egg\node_modules\_mysql@2.15.0@mysql\lib\Connection.js:103:28)
    at Socket.emit (events.js:159:13)
    at addChunk (_stream_readable.js:265:12)
    at readableAddChunk (_stream_readable.js:252:11)
    at Socket.Readable.push (_stream_readable.js:209:10)
    at TCP.onread (net.js:598:20)
    --------------------
    at Pool.query (C:\workspace\egg\node_modules\_mysql@2.15.0@mysql\lib\Pool.js:199:23)
    at C:\workspace\egg\node_modules\_pify@2.3.0@pify\index.js:29:7
    at new Promise (<anonymous>)
    at Pool.<anonymous> (C:\workspace\egg\node_modules\_pify@2.3.0@pify\index.js:12:10)
    at Pool.ret [as query] (C:\workspace\egg\node_modules\_pify@2.3.0@pify\index.js:56:34)
    at RDSClient.proto._query (C:\workspace\egg\node_modules\_ali-rds@3.0.1@ali-rds\lib\client.js:34:20)
    at RDSClient.proto.query (C:\workspace\egg\node_modules\_ali-rds@3.0.1@ali-rds\lib\operator.js:54:29)
    at proto.query.next (<anonymous>)
    at onFulfilled (C:\workspace\egg\node_modules\_co@4.6.0@co\index.js:65:19)
    at C:\workspace\egg\node_modules\_co@4.6.0@co\index.js:54:5
    at new Promise (<anonymous>)
    at RDSClient.co (C:\workspace\egg\node_modules\_co@4.6.0@co\index.js:50:10)
    at RDSClient.createPromise [as query] (C:\workspace\egg\node_modules\_co@4.6.0@co\index.js:30:15)
    at RDSClient.proto.insert (C:\workspace\egg\node_modules\_ali-rds@3.0.1@ali-rds\lib\operator.js:141:21)
    at proto.insert.next (<anonymous>)
    at onFulfilled (C:\workspace\egg\node_modules\_co@4.6.0@co\index.js:65:19)
    at C:\workspace\egg\node_modules\_co@4.6.0@co\index.js:54:5
    at new Promise (<anonymous>)
    at RDSClient.co (C:\workspace\egg\node_modules\_co@4.6.0@co\index.js:50:10)
    at RDSClient.createPromise [as insert] (C:\workspace\egg\node_modules\_co@4.6.0@co\index.js:30:15)
    at JobSpider.subscribe (C:\workspace\egg\app\schedule\jobSpider.js:21:30)
    at <anonymous>
    sql: INSERT INTO `jobs`(`name`, `count`, `time`) VALUES('前端', '76441', '2017-12-19 16:33:59.946')
code: 'ER_NO_DEFAULT_FOR_FIELD'
errno: 1364
sqlMessage: 'Field \'id\' doesn\'t have a default value'
sqlState: 'HY000'
index: 0
sql: 'INSERT INTO `jobs`(`name`, `count`, `time`) VALUES(\'前端\', \'76441\', \'2017-12-19 16:33:59.946\')'
name: 'unhandledRejectionError'
pid: 17208
hostname: DESKTOP-N4L7F91

2017-12-19 16:34:09,979 ERROR 17208 nodejs.ER_NO_DEFAULT_FOR_FIELDError: [egg-schedule] C:\workspace\egg\app\schedule\jobSpider.js excute error. ER_NO_DEFAULT_FOR_FIELD: Field 'id' doesn't have a default value
    at Query.Sequence._packetToError (C:\workspace\egg\node_modules\_mysql@2.15.0@mysql\lib\protocol\sequences\Sequence.js:52:14)
    at Query.ErrorPacket (C:\workspace\egg\node_modules\_mysql@2.15.0@mysql\lib\protocol\sequences\Query.js:77:18)
    at Protocol._parsePacket (C:\workspace\egg\node_modules\_mysql@2.15.0@mysql\lib\protocol\Protocol.js:279:23)
    at Parser.write (C:\workspace\egg\node_modules\_mysql@2.15.0@mysql\lib\protocol\Parser.js:76:12)
    at Protocol.write (C:\workspace\egg\node_modules\_mysql@2.15.0@mysql\lib\protocol\Protocol.js:39:16)
    at Socket.<anonymous> (C:\workspace\egg\node_modules\_mysql@2.15.0@mysql\lib\Connection.js:103:28)
    at Socket.emit (events.js:159:13)
    at addChunk (_stream_readable.js:265:12)
    at readableAddChunk (_stream_readable.js:252:11)
    at Socket.Readable.push (_stream_readable.js:209:10)
    at TCP.onread (net.js:598:20)
    --------------------
    at Pool.query (C:\workspace\egg\node_modules\_mysql@2.15.0@mysql\lib\Pool.js:199:23)
    at C:\workspace\egg\node_modules\_pify@2.3.0@pify\index.js:29:7
    at new Promise (<anonymous>)
    at Pool.<anonymous> (C:\workspace\egg\node_modules\_pify@2.3.0@pify\index.js:12:10)
    at Pool.ret [as query] (C:\workspace\egg\node_modules\_pify@2.3.0@pify\index.js:56:34)
    at RDSClient.proto._query (C:\workspace\egg\node_modules\_ali-rds@3.0.1@ali-rds\lib\client.js:34:20)
    at RDSClient.proto.query (C:\workspace\egg\node_modules\_ali-rds@3.0.1@ali-rds\lib\operator.js:54:29)
    at proto.query.next (<anonymous>)
    at onFulfilled (C:\workspace\egg\node_modules\_co@4.6.0@co\index.js:65:19)
    at C:\workspace\egg\node_modules\_co@4.6.0@co\index.js:54:5
    at new Promise (<anonymous>)
    at RDSClient.co (C:\workspace\egg\node_modules\_co@4.6.0@co\index.js:50:10)
    at RDSClient.createPromise [as query] (C:\workspace\egg\node_modules\_co@4.6.0@co\index.js:30:15)
    at RDSClient.proto.insert (C:\workspace\egg\node_modules\_ali-rds@3.0.1@ali-rds\lib\operator.js:141:21)
    at proto.insert.next (<anonymous>)
    at onFulfilled (C:\workspace\egg\node_modules\_co@4.6.0@co\index.js:65:19)
    at C:\workspace\egg\node_modules\_co@4.6.0@co\index.js:54:5
    at new Promise (<anonymous>)
    at RDSClient.co (C:\workspace\egg\node_modules\_co@4.6.0@co\index.js:50:10)
    at RDSClient.createPromise [as insert] (C:\workspace\egg\node_modules\_co@4.6.0@co\index.js:30:15)
    at JobSpider.subscribe (C:\workspace\egg\app\schedule\jobSpider.js:21:30)
    at <anonymous>
    sql: INSERT INTO `jobs`(`name`, `count`, `time`) VALUES('前端', '76441', '2017-12-19 16:34:09.977')
code: 'ER_NO_DEFAULT_FOR_FIELD'
errno: 1364
sqlMessage: 'Field \'id\' doesn\'t have a default value'
sqlState: 'HY000'
index: 0
sql: 'INSERT INTO `jobs`(`name`, `count`, `time`) VALUES(\'前端\', \'76441\', \'2017-12-19 16:34:09.977\')'
name: 'ER_NO_DEFAULT_FOR_FIELDError'
pid: 17208
hostname: DESKTOP-N4L7F91

2017-12-19 16:34:19,991 ERROR 17208 nodejs.ER_NO_DEFAULT_FOR_FIELDError: [egg-schedule] C:\workspace\egg\app\schedule\jobSpider.js excute error. ER_NO_DEFAULT_FOR_FIELD: Field 'id' doesn't have a default value
    at Query.Sequence._packetToError (C:\workspace\egg\node_modules\_mysql@2.15.0@mysql\lib\protocol\sequences\Sequence.js:52:14)
    at Query.ErrorPacket (C:\workspace\egg\node_modules\_mysql@2.15.0@mysql\lib\protocol\sequences\Query.js:77:18)
    at Protocol._parsePacket (C:\workspace\egg\node_modules\_mysql@2.15.0@mysql\lib\protocol\Protocol.js:279:23)
    at Parser.write (C:\workspace\egg\node_modules\_mysql@2.15.0@mysql\lib\protocol\Parser.js:76:12)
    at Protocol.write (C:\workspace\egg\node_modules\_mysql@2.15.0@mysql\lib\protocol\Protocol.js:39:16)
    at Socket.<anonymous> (C:\workspace\egg\node_modules\_mysql@2.15.0@mysql\lib\Connection.js:103:28)
    at Socket.emit (events.js:159:13)
    at addChunk (_stream_readable.js:265:12)
    at readableAddChunk (_stream_readable.js:252:11)
    at Socket.Readable.push (_stream_readable.js:209:10)
    at TCP.onread (net.js:598:20)
    --------------------
    at Pool.query (C:\workspace\egg\node_modules\_mysql@2.15.0@mysql\lib\Pool.js:199:23)
    at C:\workspace\egg\node_modules\_pify@2.3.0@pify\index.js:29:7
    at new Promise (<anonymous>)
    at Pool.<anonymous> (C:\workspace\egg\node_modules\_pify@2.3.0@pify\index.js:12:10)
    at Pool.ret [as query] (C:\workspace\egg\node_modules\_pify@2.3.0@pify\index.js:56:34)
    at RDSClient.proto._query (C:\workspace\egg\node_modules\_ali-rds@3.0.1@ali-rds\lib\client.js:34:20)
    at RDSClient.proto.query (C:\workspace\egg\node_modules\_ali-rds@3.0.1@ali-rds\lib\operator.js:54:29)
    at proto.query.next (<anonymous>)
    at onFulfilled (C:\workspace\egg\node_modules\_co@4.6.0@co\index.js:65:19)
    at C:\workspace\egg\node_modules\_co@4.6.0@co\index.js:54:5
    at new Promise (<anonymous>)
    at RDSClient.co (C:\workspace\egg\node_modules\_co@4.6.0@co\index.js:50:10)
    at RDSClient.createPromise [as query] (C:\workspace\egg\node_modules\_co@4.6.0@co\index.js:30:15)
    at RDSClient.proto.insert (C:\workspace\egg\node_modules\_ali-rds@3.0.1@ali-rds\lib\operator.js:141:21)
    at proto.insert.next (<anonymous>)
    at onFulfilled (C:\workspace\egg\node_modules\_co@4.6.0@co\index.js:65:19)
    at C:\workspace\egg\node_modules\_co@4.6.0@co\index.js:54:5
    at new Promise (<anonymous>)
    at RDSClient.co (C:\workspace\egg\node_modules\_co@4.6.0@co\index.js:50:10)
    at RDSClient.createPromise [as insert] (C:\workspace\egg\node_modules\_co@4.6.0@co\index.js:30:15)
    at JobSpider.subscribe (C:\workspace\egg\app\schedule\jobSpider.js:21:30)
    at <anonymous>
    sql: INSERT INTO `jobs`(`name`, `count`, `time`) VALUES('前端', '76441', '2017-12-19 16:34:19.975')
code: 'ER_NO_DEFAULT_FOR_FIELD'
errno: 1364
sqlMessage: 'Field \'id\' doesn\'t have a default value'
sqlState: 'HY000'
index: 0
sql: 'INSERT INTO `jobs`(`name`, `count`, `time`) VALUES(\'前端\', \'76441\', \'2017-12-19 16:34:19.975\')'
name: 'ER_NO_DEFAULT_FOR_FIELDError'
pid: 17208
hostname: DESKTOP-N4L7F91

2017-12-19 16:34:29,946 ERROR 17208 nodejs.ER_NO_DEFAULT_FOR_FIELDError: [egg-schedule] C:\workspace\egg\app\schedule\jobSpider.js excute error. ER_NO_DEFAULT_FOR_FIELD: Field 'id' doesn't have a default value
    at Query.Sequence._packetToError (C:\workspace\egg\node_modules\_mysql@2.15.0@mysql\lib\protocol\sequences\Sequence.js:52:14)
    at Query.ErrorPacket (C:\workspace\egg\node_modules\_mysql@2.15.0@mysql\lib\protocol\sequences\Query.js:77:18)
    at Protocol._parsePacket (C:\workspace\egg\node_modules\_mysql@2.15.0@mysql\lib\protocol\Protocol.js:279:23)
    at Parser.write (C:\workspace\egg\node_modules\_mysql@2.15.0@mysql\lib\protocol\Parser.js:76:12)
    at Protocol.write (C:\workspace\egg\node_modules\_mysql@2.15.0@mysql\lib\protocol\Protocol.js:39:16)
    at Socket.<anonymous> (C:\workspace\egg\node_modules\_mysql@2.15.0@mysql\lib\Connection.js:103:28)
    at Socket.emit (events.js:159:13)
    at addChunk (_stream_readable.js:265:12)
    at readableAddChunk (_stream_readable.js:252:11)
    at Socket.Readable.push (_stream_readable.js:209:10)
    at TCP.onread (net.js:598:20)
    --------------------
    at Pool.query (C:\workspace\egg\node_modules\_mysql@2.15.0@mysql\lib\Pool.js:199:23)
    at C:\workspace\egg\node_modules\_pify@2.3.0@pify\index.js:29:7
    at new Promise (<anonymous>)
    at Pool.<anonymous> (C:\workspace\egg\node_modules\_pify@2.3.0@pify\index.js:12:10)
    at Pool.ret [as query] (C:\workspace\egg\node_modules\_pify@2.3.0@pify\index.js:56:34)
    at RDSClient.proto._query (C:\workspace\egg\node_modules\_ali-rds@3.0.1@ali-rds\lib\client.js:34:20)
    at RDSClient.proto.query (C:\workspace\egg\node_modules\_ali-rds@3.0.1@ali-rds\lib\operator.js:54:29)
    at proto.query.next (<anonymous>)
    at onFulfilled (C:\workspace\egg\node_modules\_co@4.6.0@co\index.js:65:19)
    at C:\workspace\egg\node_modules\_co@4.6.0@co\index.js:54:5
    at new Promise (<anonymous>)
    at RDSClient.co (C:\workspace\egg\node_modules\_co@4.6.0@co\index.js:50:10)
    at RDSClient.createPromise [as query] (C:\workspace\egg\node_modules\_co@4.6.0@co\index.js:30:15)
    at RDSClient.proto.insert (C:\workspace\egg\node_modules\_ali-rds@3.0.1@ali-rds\lib\operator.js:141:21)
    at proto.insert.next (<anonymous>)
    at onFulfilled (C:\workspace\egg\node_modules\_co@4.6.0@co\index.js:65:19)
    at C:\workspace\egg\node_modules\_co@4.6.0@co\index.js:54:5
    at new Promise (<anonymous>)
    at RDSClient.co (C:\workspace\egg\node_modules\_co@4.6.0@co\index.js:50:10)
    at RDSClient.createPromise [as insert] (C:\workspace\egg\node_modules\_co@4.6.0@co\index.js:30:15)
    at JobSpider.subscribe (C:\workspace\egg\app\schedule\jobSpider.js:21:30)
    at <anonymous>
    sql: INSERT INTO `jobs`(`name`, `count`, `time`) VALUES('前端', '76441', '2017-12-19 16:34:29.910')
code: 'ER_NO_DEFAULT_FOR_FIELD'
errno: 1364
sqlMessage: 'Field \'id\' doesn\'t have a default value'
sqlState: 'HY000'
index: 0
sql: 'INSERT INTO `jobs`(`name`, `count`, `time`) VALUES(\'前端\', \'76441\', \'2017-12-19 16:34:29.910\')'
name: 'ER_NO_DEFAULT_FOR_FIELDError'
pid: 17208
hostname: DESKTOP-N4L7F91

2017-12-19 16:34:39,893 ERROR 17208 nodejs.ER_NO_DEFAULT_FOR_FIELDError: [egg-schedule] C:\workspace\egg\app\schedule\jobSpider.js excute error. ER_NO_DEFAULT_FOR_FIELD: Field 'id' doesn't have a default value
    at Query.Sequence._packetToError (C:\workspace\egg\node_modules\_mysql@2.15.0@mysql\lib\protocol\sequences\Sequence.js:52:14)
    at Query.ErrorPacket (C:\workspace\egg\node_modules\_mysql@2.15.0@mysql\lib\protocol\sequences\Query.js:77:18)
    at Protocol._parsePacket (C:\workspace\egg\node_modules\_mysql@2.15.0@mysql\lib\protocol\Protocol.js:279:23)
    at Parser.write (C:\workspace\egg\node_modules\_mysql@2.15.0@mysql\lib\protocol\Parser.js:76:12)
    at Protocol.write (C:\workspace\egg\node_modules\_mysql@2.15.0@mysql\lib\protocol\Protocol.js:39:16)
    at Socket.<anonymous> (C:\workspace\egg\node_modules\_mysql@2.15.0@mysql\lib\Connection.js:103:28)
    at Socket.emit (events.js:159:13)
    at addChunk (_stream_readable.js:265:12)
    at readableAddChunk (_stream_readable.js:252:11)
    at Socket.Readable.push (_stream_readable.js:209:10)
    at TCP.onread (net.js:598:20)
    --------------------
    at Pool.query (C:\workspace\egg\node_modules\_mysql@2.15.0@mysql\lib\Pool.js:199:23)
    at C:\workspace\egg\node_modules\_pify@2.3.0@pify\index.js:29:7
    at new Promise (<anonymous>)
    at Pool.<anonymous> (C:\workspace\egg\node_modules\_pify@2.3.0@pify\index.js:12:10)
    at Pool.ret [as query] (C:\workspace\egg\node_modules\_pify@2.3.0@pify\index.js:56:34)
    at RDSClient.proto._query (C:\workspace\egg\node_modules\_ali-rds@3.0.1@ali-rds\lib\client.js:34:20)
    at RDSClient.proto.query (C:\workspace\egg\node_modules\_ali-rds@3.0.1@ali-rds\lib\operator.js:54:29)
    at proto.query.next (<anonymous>)
    at onFulfilled (C:\workspace\egg\node_modules\_co@4.6.0@co\index.js:65:19)
    at C:\workspace\egg\node_modules\_co@4.6.0@co\index.js:54:5
    at new Promise (<anonymous>)
    at RDSClient.co (C:\workspace\egg\node_modules\_co@4.6.0@co\index.js:50:10)
    at RDSClient.createPromise [as query] (C:\workspace\egg\node_modules\_co@4.6.0@co\index.js:30:15)
    at RDSClient.proto.insert (C:\workspace\egg\node_modules\_ali-rds@3.0.1@ali-rds\lib\operator.js:141:21)
    at proto.insert.next (<anonymous>)
    at onFulfilled (C:\workspace\egg\node_modules\_co@4.6.0@co\index.js:65:19)
    at C:\workspace\egg\node_modules\_co@4.6.0@co\index.js:54:5
    at new Promise (<anonymous>)
    at RDSClient.co (C:\workspace\egg\node_modules\_co@4.6.0@co\index.js:50:10)
    at RDSClient.createPromise [as insert] (C:\workspace\egg\node_modules\_co@4.6.0@co\index.js:30:15)
    at JobSpider.subscribe (C:\workspace\egg\app\schedule\jobSpider.js:21:30)
    at <anonymous>
    sql: INSERT INTO `jobs`(`name`, `count`, `time`) VALUES('前端', '76441', '2017-12-19 16:34:39.892')
code: 'ER_NO_DEFAULT_FOR_FIELD'
errno: 1364
sqlMessage: 'Field \'id\' doesn\'t have a default value'
sqlState: 'HY000'
index: 0
sql: 'INSERT INTO `jobs`(`name`, `count`, `time`) VALUES(\'前端\', \'76441\', \'2017-12-19 16:34:39.892\')'
name: 'ER_NO_DEFAULT_FOR_FIELDError'
pid: 17208
hostname: DESKTOP-N4L7F91

2017-12-19 16:34:50,023 ERROR 17208 nodejs.ER_NO_DEFAULT_FOR_FIELDError: [egg-schedule] C:\workspace\egg\app\schedule\jobSpider.js excute error. ER_NO_DEFAULT_FOR_FIELD: Field 'id' doesn't have a default value
    at Query.Sequence._packetToError (C:\workspace\egg\node_modules\_mysql@2.15.0@mysql\lib\protocol\sequences\Sequence.js:52:14)
    at Query.ErrorPacket (C:\workspace\egg\node_modules\_mysql@2.15.0@mysql\lib\protocol\sequences\Query.js:77:18)
    at Protocol._parsePacket (C:\workspace\egg\node_modules\_mysql@2.15.0@mysql\lib\protocol\Protocol.js:279:23)
    at Parser.write (C:\workspace\egg\node_modules\_mysql@2.15.0@mysql\lib\protocol\Parser.js:76:12)
    at Protocol.write (C:\workspace\egg\node_modules\_mysql@2.15.0@mysql\lib\protocol\Protocol.js:39:16)
    at Socket.<anonymous> (C:\workspace\egg\node_modules\_mysql@2.15.0@mysql\lib\Connection.js:103:28)
    at Socket.emit (events.js:159:13)
    at addChunk (_stream_readable.js:265:12)
    at readableAddChunk (_stream_readable.js:252:11)
    at Socket.Readable.push (_stream_readable.js:209:10)
    at TCP.onread (net.js:598:20)
    --------------------
    at Pool.query (C:\workspace\egg\node_modules\_mysql@2.15.0@mysql\lib\Pool.js:199:23)
    at C:\workspace\egg\node_modules\_pify@2.3.0@pify\index.js:29:7
    at new Promise (<anonymous>)
    at Pool.<anonymous> (C:\workspace\egg\node_modules\_pify@2.3.0@pify\index.js:12:10)
    at Pool.ret [as query] (C:\workspace\egg\node_modules\_pify@2.3.0@pify\index.js:56:34)
    at RDSClient.proto._query (C:\workspace\egg\node_modules\_ali-rds@3.0.1@ali-rds\lib\client.js:34:20)
    at RDSClient.proto.query (C:\workspace\egg\node_modules\_ali-rds@3.0.1@ali-rds\lib\operator.js:54:29)
    at proto.query.next (<anonymous>)
    at onFulfilled (C:\workspace\egg\node_modules\_co@4.6.0@co\index.js:65:19)
    at C:\workspace\egg\node_modules\_co@4.6.0@co\index.js:54:5
    at new Promise (<anonymous>)
    at RDSClient.co (C:\workspace\egg\node_modules\_co@4.6.0@co\index.js:50:10)
    at RDSClient.createPromise [as query] (C:\workspace\egg\node_modules\_co@4.6.0@co\index.js:30:15)
    at RDSClient.proto.insert (C:\workspace\egg\node_modules\_ali-rds@3.0.1@ali-rds\lib\operator.js:141:21)
    at proto.insert.next (<anonymous>)
    at onFulfilled (C:\workspace\egg\node_modules\_co@4.6.0@co\index.js:65:19)
    at C:\workspace\egg\node_modules\_co@4.6.0@co\index.js:54:5
    at new Promise (<anonymous>)
    at RDSClient.co (C:\workspace\egg\node_modules\_co@4.6.0@co\index.js:50:10)
    at RDSClient.createPromise [as insert] (C:\workspace\egg\node_modules\_co@4.6.0@co\index.js:30:15)
    at JobSpider.subscribe (C:\workspace\egg\app\schedule\jobSpider.js:21:30)
    at <anonymous>
    sql: INSERT INTO `jobs`(`name`, `count`, `time`) VALUES('前端', '76441', '2017-12-19 16:34:50.021')
code: 'ER_NO_DEFAULT_FOR_FIELD'
errno: 1364
sqlMessage: 'Field \'id\' doesn\'t have a default value'
sqlState: 'HY000'
index: 0
sql: 'INSERT INTO `jobs`(`name`, `count`, `time`) VALUES(\'前端\', \'76441\', \'2017-12-19 16:34:50.021\')'
name: 'ER_NO_DEFAULT_FOR_FIELDError'
pid: 17208
hostname: DESKTOP-N4L7F91

2017-12-19 16:41:45,453 ERROR 11356 nodejs.unhandledRejectionError: ER_BAD_FIELD_ERROR: Unknown column 'columns' in 'where clause'
    at Query.Sequence._packetToError (C:\workspace\egg\node_modules\_mysql@2.15.0@mysql\lib\protocol\sequences\Sequence.js:52:14)
    at Query.ErrorPacket (C:\workspace\egg\node_modules\_mysql@2.15.0@mysql\lib\protocol\sequences\Query.js:77:18)
    at Protocol._parsePacket (C:\workspace\egg\node_modules\_mysql@2.15.0@mysql\lib\protocol\Protocol.js:279:23)
    at Parser.write (C:\workspace\egg\node_modules\_mysql@2.15.0@mysql\lib\protocol\Parser.js:76:12)
    at Protocol.write (C:\workspace\egg\node_modules\_mysql@2.15.0@mysql\lib\protocol\Protocol.js:39:16)
    at Socket.<anonymous> (C:\workspace\egg\node_modules\_mysql@2.15.0@mysql\lib\Connection.js:103:28)
    at Socket.emit (events.js:159:13)
    at addChunk (_stream_readable.js:265:12)
    at readableAddChunk (_stream_readable.js:252:11)
    at Socket.Readable.push (_stream_readable.js:209:10)
    at TCP.onread (net.js:598:20)
    --------------------
    at Pool.query (C:\workspace\egg\node_modules\_mysql@2.15.0@mysql\lib\Pool.js:199:23)
    at C:\workspace\egg\node_modules\_pify@2.3.0@pify\index.js:29:7
    at new Promise (<anonymous>)
    at Pool.<anonymous> (C:\workspace\egg\node_modules\_pify@2.3.0@pify\index.js:12:10)
    at Pool.ret [as query] (C:\workspace\egg\node_modules\_pify@2.3.0@pify\index.js:56:34)
    at RDSClient.proto._query (C:\workspace\egg\node_modules\_ali-rds@3.0.1@ali-rds\lib\client.js:34:20)
    at RDSClient.proto.query (C:\workspace\egg\node_modules\_ali-rds@3.0.1@ali-rds\lib\operator.js:54:29)
    at proto.query.next (<anonymous>)
    at onFulfilled (C:\workspace\egg\node_modules\_co@4.6.0@co\index.js:65:19)
    at C:\workspace\egg\node_modules\_co@4.6.0@co\index.js:54:5
    at new Promise (<anonymous>)
    at RDSClient.co (C:\workspace\egg\node_modules\_co@4.6.0@co\index.js:50:10)
    at RDSClient.createPromise [as query] (C:\workspace\egg\node_modules\_co@4.6.0@co\index.js:30:15)
    at RDSClient.proto.select (C:\workspace\egg\node_modules\_ali-rds@3.0.1@ali-rds\lib\operator.js:100:21)
    at proto.select.next (<anonymous>)
    at onFulfilled (C:\workspace\egg\node_modules\_co@4.6.0@co\index.js:65:19)
    at C:\workspace\egg\node_modules\_co@4.6.0@co\index.js:54:5
    at new Promise (<anonymous>)
    at RDSClient.co (C:\workspace\egg\node_modules\_co@4.6.0@co\index.js:50:10)
    at RDSClient.createPromise [as select] (C:\workspace\egg\node_modules\_co@4.6.0@co\index.js:30:15)
    at RDSClient.proto.get (C:\workspace\egg\node_modules\_ali-rds@3.0.1@ali-rds\lib\operator.js:108:27)
    at proto.get.next (<anonymous>)
    sql: SELECT * FROM `position` WHERE `columns` IN ('name') LIMIT 0, 1
code: 'ER_BAD_FIELD_ERROR'
errno: 1054
sqlMessage: 'Unknown column \'columns\' in \'where clause\''
sqlState: '42S22'
index: 0
sql: 'SELECT * FROM `position` WHERE `columns` IN (\'name\') LIMIT 0, 1'
name: 'unhandledRejectionError'
pid: 11356
hostname: DESKTOP-N4L7F91

2017-12-19 16:41:55,482 ERROR 11356 nodejs.ER_BAD_FIELD_ERRORError: [egg-schedule] C:\workspace\egg\app\schedule\jobSpider.js excute error. ER_BAD_FIELD_ERROR: Unknown column 'columns' in 'where clause'
    at Query.Sequence._packetToError (C:\workspace\egg\node_modules\_mysql@2.15.0@mysql\lib\protocol\sequences\Sequence.js:52:14)
    at Query.ErrorPacket (C:\workspace\egg\node_modules\_mysql@2.15.0@mysql\lib\protocol\sequences\Query.js:77:18)
    at Protocol._parsePacket (C:\workspace\egg\node_modules\_mysql@2.15.0@mysql\lib\protocol\Protocol.js:279:23)
    at Parser.write (C:\workspace\egg\node_modules\_mysql@2.15.0@mysql\lib\protocol\Parser.js:76:12)
    at Protocol.write (C:\workspace\egg\node_modules\_mysql@2.15.0@mysql\lib\protocol\Protocol.js:39:16)
    at Socket.<anonymous> (C:\workspace\egg\node_modules\_mysql@2.15.0@mysql\lib\Connection.js:103:28)
    at Socket.emit (events.js:159:13)
    at addChunk (_stream_readable.js:265:12)
    at readableAddChunk (_stream_readable.js:252:11)
    at Socket.Readable.push (_stream_readable.js:209:10)
    at TCP.onread (net.js:598:20)
    --------------------
    at Pool.query (C:\workspace\egg\node_modules\_mysql@2.15.0@mysql\lib\Pool.js:199:23)
    at C:\workspace\egg\node_modules\_pify@2.3.0@pify\index.js:29:7
    at new Promise (<anonymous>)
    at Pool.<anonymous> (C:\workspace\egg\node_modules\_pify@2.3.0@pify\index.js:12:10)
    at Pool.ret [as query] (C:\workspace\egg\node_modules\_pify@2.3.0@pify\index.js:56:34)
    at RDSClient.proto._query (C:\workspace\egg\node_modules\_ali-rds@3.0.1@ali-rds\lib\client.js:34:20)
    at RDSClient.proto.query (C:\workspace\egg\node_modules\_ali-rds@3.0.1@ali-rds\lib\operator.js:54:29)
    at proto.query.next (<anonymous>)
    at onFulfilled (C:\workspace\egg\node_modules\_co@4.6.0@co\index.js:65:19)
    at C:\workspace\egg\node_modules\_co@4.6.0@co\index.js:54:5
    at new Promise (<anonymous>)
    at RDSClient.co (C:\workspace\egg\node_modules\_co@4.6.0@co\index.js:50:10)
    at RDSClient.createPromise [as query] (C:\workspace\egg\node_modules\_co@4.6.0@co\index.js:30:15)
    at RDSClient.proto.select (C:\workspace\egg\node_modules\_ali-rds@3.0.1@ali-rds\lib\operator.js:100:21)
    at proto.select.next (<anonymous>)
    at onFulfilled (C:\workspace\egg\node_modules\_co@4.6.0@co\index.js:65:19)
    at C:\workspace\egg\node_modules\_co@4.6.0@co\index.js:54:5
    at new Promise (<anonymous>)
    at RDSClient.co (C:\workspace\egg\node_modules\_co@4.6.0@co\index.js:50:10)
    at RDSClient.createPromise [as select] (C:\workspace\egg\node_modules\_co@4.6.0@co\index.js:30:15)
    at RDSClient.proto.get (C:\workspace\egg\node_modules\_ali-rds@3.0.1@ali-rds\lib\operator.js:108:27)
    at proto.get.next (<anonymous>)
    sql: SELECT * FROM `position` WHERE `columns` IN ('name') LIMIT 0, 1
code: 'ER_BAD_FIELD_ERROR'
errno: 1054
sqlMessage: 'Unknown column \'columns\' in \'where clause\''
sqlState: '42S22'
index: 0
sql: 'SELECT * FROM `position` WHERE `columns` IN (\'name\') LIMIT 0, 1'
name: 'ER_BAD_FIELD_ERRORError'
pid: 11356
hostname: DESKTOP-N4L7F91

2017-12-19 17:42:26,506 ERROR 17168 nodejs.TypeError: Cannot read property 'select' of undefined
    at JobSpider.subscribe (C:\workspace\egg\app\schedule\jobSpider.js:16:45)
    at Object.task (C:\workspace\egg\node_modules\_egg-schedule@3.1.1@egg-schedule\lib\load_schedule.js:35:22)
    at Application.app.runSchedule.schedulePath [as runSchedule] (C:\workspace\egg\node_modules\_egg-schedule@3.1.1@egg-schedule\app.js:34:21)
    at module.exports.app (C:\workspace\egg\app.js:6:9)
    at AppWorkerLoader.loadFile (C:\workspace\egg\node_modules\_egg-core@4.2.2@egg-core\lib\loader\egg_loader.js:290:30)
    at getLoadUnits.forEach.unit (C:\workspace\egg\node_modules\_egg-core@4.2.2@egg-core\lib\loader\mixin\custom.js:25:29)
    at Array.forEach (<anonymous>)
    at AppWorkerLoader.loadCustomApp (C:\workspace\egg\node_modules\_egg-core@4.2.2@egg-core\lib\loader\mixin\custom.js:25:8)
    at AppWorkerLoader.load (C:\workspace\egg\node_modules\_egg@2.0.0@egg\lib\loader\app_worker_loader.js:33:10)
    at new Application (C:\workspace\egg\node_modules\_egg@2.0.0@egg\lib\application.js:36:19)
    at Object.<anonymous> (C:\workspace\egg\node_modules\_egg-cluster@1.12.6@egg-cluster\lib\app_worker.js:13:13)
    at Module._compile (module.js:641:30)
    at Object.Module._extensions..js (module.js:652:10)
    at Module.load (module.js:560:32)
    at tryModuleLoad (module.js:503:12)
    at Function.Module._load (module.js:495:3)
    at Function.Module.runMain (module.js:682:10)
    at startup (bootstrap_node.js:191:16)
    at bootstrap_node.js:613:3

pid: 17168
hostname: DESKTOP-N4L7F91

2017-12-20 09:43:40,691 ERROR 13648 nodejs.TypeError: Cannot read property 'User' of undefined
    at JobSpider.subscribe (C:\workspace\egg\app\schedule\jobSpider.js:16:53)
    at Object.task (C:\workspace\egg\node_modules\_egg-schedule@3.1.1@egg-schedule\lib\load_schedule.js:35:22)
    at Application.app.runSchedule.schedulePath [as runSchedule] (C:\workspace\egg\node_modules\_egg-schedule@3.1.1@egg-schedule\app.js:34:21)
    at module.exports.app (C:\workspace\egg\app.js:6:9)
    at AppWorkerLoader.loadFile (C:\workspace\egg\node_modules\_egg-core@4.2.2@egg-core\lib\loader\egg_loader.js:290:30)
    at getLoadUnits.forEach.unit (C:\workspace\egg\node_modules\_egg-core@4.2.2@egg-core\lib\loader\mixin\custom.js:25:29)
    at Array.forEach (<anonymous>)
    at AppWorkerLoader.loadCustomApp (C:\workspace\egg\node_modules\_egg-core@4.2.2@egg-core\lib\loader\mixin\custom.js:25:8)
    at AppWorkerLoader.load (C:\workspace\egg\node_modules\_egg@2.0.0@egg\lib\loader\app_worker_loader.js:33:10)
    at new Application (C:\workspace\egg\node_modules\_egg@2.0.0@egg\lib\application.js:36:19)
    at Object.<anonymous> (C:\workspace\egg\node_modules\_egg-cluster@1.12.6@egg-cluster\lib\app_worker.js:13:13)
    at Module._compile (module.js:641:30)
    at Object.Module._extensions..js (module.js:652:10)
    at Module.load (module.js:560:32)
    at tryModuleLoad (module.js:503:12)
    at Function.Module._load (module.js:495:3)
    at Function.Module.runMain (module.js:682:10)
    at startup (bootstrap_node.js:191:16)
    at bootstrap_node.js:613:3

pid: 13648
hostname: DESKTOP-N4L7F91

2017-12-20 10:37:15,276 ERROR 5552 nodejs.TypeError: this.ctx.model.User.add is not a function
    at JobSpider.subscribe (C:\workspace\egg\app\schedule\jobSpider.js:16:47)
    at Object.task (C:\workspace\egg\node_modules\_egg-schedule@3.1.1@egg-schedule\lib\load_schedule.js:35:22)
    at Application.app.runSchedule.schedulePath [as runSchedule] (C:\workspace\egg\node_modules\_egg-schedule@3.1.1@egg-schedule\app.js:34:21)
    at module.exports.app (C:\workspace\egg\app.js:6:9)
    at AppWorkerLoader.loadFile (C:\workspace\egg\node_modules\_egg-core@4.2.2@egg-core\lib\loader\egg_loader.js:290:30)
    at getLoadUnits.forEach.unit (C:\workspace\egg\node_modules\_egg-core@4.2.2@egg-core\lib\loader\mixin\custom.js:25:29)
    at Array.forEach (<anonymous>)
    at AppWorkerLoader.loadCustomApp (C:\workspace\egg\node_modules\_egg-core@4.2.2@egg-core\lib\loader\mixin\custom.js:25:8)
    at AppWorkerLoader.load (C:\workspace\egg\node_modules\_egg@2.0.0@egg\lib\loader\app_worker_loader.js:33:10)
    at new Application (C:\workspace\egg\node_modules\_egg@2.0.0@egg\lib\application.js:36:19)
    at Object.<anonymous> (C:\workspace\egg\node_modules\_egg-cluster@1.12.6@egg-cluster\lib\app_worker.js:13:13)
    at Module._compile (module.js:641:30)
    at Object.Module._extensions..js (module.js:652:10)
    at Module.load (module.js:560:32)
    at tryModuleLoad (module.js:503:12)
    at Function.Module._load (module.js:495:3)
    at Function.Module.runMain (module.js:682:10)
    at startup (bootstrap_node.js:191:16)
    at bootstrap_node.js:613:3

pid: 5552
hostname: DESKTOP-N4L7F91

2017-12-20 12:58:42,250 ERROR 15716 nodejs.TypeError: Cannot read property '0' of null
    at getName (C:\workspace\egg\node_modules\_css-what@2.1.0@css-what\index.js:97:36)
    at parseSelector (C:\workspace\egg\node_modules\_css-what@2.1.0@css-what\index.js:145:13)
    at parse (C:\workspace\egg\node_modules\_css-what@2.1.0@css-what\index.js:82:13)
    at compileUnsafe (C:\workspace\egg\node_modules\_css-select@1.2.0@css-select\lib\compile.js:31:14)
    at select (C:\workspace\egg\node_modules\_css-select@1.2.0@css-select\index.js:18:49)
    at CSSselect (C:\workspace\egg\node_modules\_css-select@1.2.0@css-select\index.js:41:9)
    at initialize.exports.find (C:\workspace\egg\node_modules\_cheerio@1.0.0-rc.2@cheerio\lib\api\traversing.js:40:21)
    at initialize.module.exports (C:\workspace\egg\node_modules\_cheerio@1.0.0-rc.2@cheerio\lib\cheerio.js:88:18)
    at new initialize (C:\workspace\egg\node_modules\_cheerio@1.0.0-rc.2@cheerio\lib\static.js:34:20)
    at initialize (C:\workspace\egg\node_modules\_cheerio@1.0.0-rc.2@cheerio\lib\static.js:31:14)
    at JobSpider.subscribe (C:\workspace\egg\app\schedule\jobSpider.js:17:32)
    at <anonymous>

pid: 15716
hostname: DESKTOP-N4L7F91

2017-12-20 13:05:51,800 ERROR 16340 nodejs.ReferenceError: $ is not defined
    at Node.tiobe.find.each (C:\workspace\egg\app\schedule\jobSpider.js:19:13)
    at initialize.exports.each (C:\workspace\egg\node_modules\_cheerio@1.0.0-rc.2@cheerio\lib\api\traversing.js:300:24)
    at JobSpider.subscribe (C:\workspace\egg\app\schedule\jobSpider.js:18:39)
    at <anonymous>

pid: 16340
hostname: DESKTOP-N4L7F91

2017-12-20 13:48:29,758 ERROR 11372 nodejs.ReferenceError: position is not defined
    at Node.<anonymous> (C:\workspace\egg\app\schedule\jobSpider.js:22:21)
    at initialize.exports.each (C:\workspace\egg\node_modules\_cheerio@1.0.0-rc.2@cheerio\lib\api\traversing.js:300:24)
    at Node.<anonymous> (C:\workspace\egg\app\schedule\jobSpider.js:21:54)
    at initialize.exports.each (C:\workspace\egg\node_modules\_cheerio@1.0.0-rc.2@cheerio\lib\api\traversing.js:300:24)
    at JobSpider.subscribe (C:\workspace\egg\app\schedule\jobSpider.js:19:25)
    at <anonymous>

pid: 11372
hostname: DESKTOP-N4L7F91

2017-12-20 13:52:02,899 ERROR 10776 nodejs.TypeError: Cannot read property 'model' of undefined
    at Node.<anonymous> (C:\workspace\egg\app\schedule\jobSpider.js:25:36)
    at initialize.exports.each (C:\workspace\egg\node_modules\_cheerio@1.0.0-rc.2@cheerio\lib\api\traversing.js:300:24)
    at Node.<anonymous> (C:\workspace\egg\app\schedule\jobSpider.js:23:54)
    at initialize.exports.each (C:\workspace\egg\node_modules\_cheerio@1.0.0-rc.2@cheerio\lib\api\traversing.js:300:24)
    at JobSpider.subscribe (C:\workspace\egg\app\schedule\jobSpider.js:21:25)
    at <anonymous>

pid: 10776
hostname: DESKTOP-N4L7F91

2017-12-20 13:52:02,900 ERROR 10776 nodejs.TypeError: Cannot read property 'model' of undefined
    at Node.<anonymous> (C:\workspace\egg\app\schedule\jobSpider.js:25:36)
    at initialize.exports.each (C:\workspace\egg\node_modules\_cheerio@1.0.0-rc.2@cheerio\lib\api\traversing.js:300:24)
    at Node.<anonymous> (C:\workspace\egg\app\schedule\jobSpider.js:23:54)
    at initialize.exports.each (C:\workspace\egg\node_modules\_cheerio@1.0.0-rc.2@cheerio\lib\api\traversing.js:300:24)
    at JobSpider.subscribe (C:\workspace\egg\app\schedule\jobSpider.js:21:25)
    at <anonymous>

pid: 10776
hostname: DESKTOP-N4L7F91

2017-12-20 13:52:02,900 ERROR 10776 nodejs.TypeError: Cannot read property 'model' of undefined
    at Node.<anonymous> (C:\workspace\egg\app\schedule\jobSpider.js:25:36)
    at initialize.exports.each (C:\workspace\egg\node_modules\_cheerio@1.0.0-rc.2@cheerio\lib\api\traversing.js:300:24)
    at Node.<anonymous> (C:\workspace\egg\app\schedule\jobSpider.js:23:54)
    at initialize.exports.each (C:\workspace\egg\node_modules\_cheerio@1.0.0-rc.2@cheerio\lib\api\traversing.js:300:24)
    at JobSpider.subscribe (C:\workspace\egg\app\schedule\jobSpider.js:21:25)
    at <anonymous>

pid: 10776
hostname: DESKTOP-N4L7F91

2017-12-20 13:52:02,903 ERROR 10776 nodejs.TypeError: Cannot read property 'model' of undefined
    at Node.<anonymous> (C:\workspace\egg\app\schedule\jobSpider.js:25:36)
    at initialize.exports.each (C:\workspace\egg\node_modules\_cheerio@1.0.0-rc.2@cheerio\lib\api\traversing.js:300:24)
    at Node.<anonymous> (C:\workspace\egg\app\schedule\jobSpider.js:23:54)
    at initialize.exports.each (C:\workspace\egg\node_modules\_cheerio@1.0.0-rc.2@cheerio\lib\api\traversing.js:300:24)
    at JobSpider.subscribe (C:\workspace\egg\app\schedule\jobSpider.js:21:25)
    at <anonymous>

pid: 10776
hostname: DESKTOP-N4L7F91

2017-12-20 13:52:02,903 ERROR 10776 nodejs.TypeError: Cannot read property 'model' of undefined
    at Node.<anonymous> (C:\workspace\egg\app\schedule\jobSpider.js:25:36)
    at initialize.exports.each (C:\workspace\egg\node_modules\_cheerio@1.0.0-rc.2@cheerio\lib\api\traversing.js:300:24)
    at Node.<anonymous> (C:\workspace\egg\app\schedule\jobSpider.js:23:54)
    at initialize.exports.each (C:\workspace\egg\node_modules\_cheerio@1.0.0-rc.2@cheerio\lib\api\traversing.js:300:24)
    at JobSpider.subscribe (C:\workspace\egg\app\schedule\jobSpider.js:21:25)
    at <anonymous>

pid: 10776
hostname: DESKTOP-N4L7F91

2017-12-20 13:52:02,904 ERROR 10776 nodejs.TypeError: Cannot read property 'model' of undefined
    at Node.<anonymous> (C:\workspace\egg\app\schedule\jobSpider.js:25:36)
    at initialize.exports.each (C:\workspace\egg\node_modules\_cheerio@1.0.0-rc.2@cheerio\lib\api\traversing.js:300:24)
    at Node.<anonymous> (C:\workspace\egg\app\schedule\jobSpider.js:23:54)
    at initialize.exports.each (C:\workspace\egg\node_modules\_cheerio@1.0.0-rc.2@cheerio\lib\api\traversing.js:300:24)
    at JobSpider.subscribe (C:\workspace\egg\app\schedule\jobSpider.js:21:25)
    at <anonymous>

pid: 10776
hostname: DESKTOP-N4L7F91

2017-12-20 13:52:02,904 ERROR 10776 nodejs.TypeError: Cannot read property 'model' of undefined
    at Node.<anonymous> (C:\workspace\egg\app\schedule\jobSpider.js:25:36)
    at initialize.exports.each (C:\workspace\egg\node_modules\_cheerio@1.0.0-rc.2@cheerio\lib\api\traversing.js:300:24)
    at Node.<anonymous> (C:\workspace\egg\app\schedule\jobSpider.js:23:54)
    at initialize.exports.each (C:\workspace\egg\node_modules\_cheerio@1.0.0-rc.2@cheerio\lib\api\traversing.js:300:24)
    at JobSpider.subscribe (C:\workspace\egg\app\schedule\jobSpider.js:21:25)
    at <anonymous>

pid: 10776
hostname: DESKTOP-N4L7F91

2017-12-20 13:52:02,904 ERROR 10776 nodejs.TypeError: Cannot read property 'model' of undefined
    at Node.<anonymous> (C:\workspace\egg\app\schedule\jobSpider.js:25:36)
    at initialize.exports.each (C:\workspace\egg\node_modules\_cheerio@1.0.0-rc.2@cheerio\lib\api\traversing.js:300:24)
    at Node.<anonymous> (C:\workspace\egg\app\schedule\jobSpider.js:23:54)
    at initialize.exports.each (C:\workspace\egg\node_modules\_cheerio@1.0.0-rc.2@cheerio\lib\api\traversing.js:300:24)
    at JobSpider.subscribe (C:\workspace\egg\app\schedule\jobSpider.js:21:25)
    at <anonymous>

pid: 10776
hostname: DESKTOP-N4L7F91

2017-12-20 13:52:02,905 ERROR 10776 nodejs.TypeError: Cannot read property 'model' of undefined
    at Node.<anonymous> (C:\workspace\egg\app\schedule\jobSpider.js:25:36)
    at initialize.exports.each (C:\workspace\egg\node_modules\_cheerio@1.0.0-rc.2@cheerio\lib\api\traversing.js:300:24)
    at Node.<anonymous> (C:\workspace\egg\app\schedule\jobSpider.js:23:54)
    at initialize.exports.each (C:\workspace\egg\node_modules\_cheerio@1.0.0-rc.2@cheerio\lib\api\traversing.js:300:24)
    at JobSpider.subscribe (C:\workspace\egg\app\schedule\jobSpider.js:21:25)
    at <anonymous>

pid: 10776
hostname: DESKTOP-N4L7F91

2017-12-20 13:52:02,905 ERROR 10776 nodejs.TypeError: Cannot read property 'model' of undefined
    at Node.<anonymous> (C:\workspace\egg\app\schedule\jobSpider.js:25:36)
    at initialize.exports.each (C:\workspace\egg\node_modules\_cheerio@1.0.0-rc.2@cheerio\lib\api\traversing.js:300:24)
    at Node.<anonymous> (C:\workspace\egg\app\schedule\jobSpider.js:23:54)
    at initialize.exports.each (C:\workspace\egg\node_modules\_cheerio@1.0.0-rc.2@cheerio\lib\api\traversing.js:300:24)
    at JobSpider.subscribe (C:\workspace\egg\app\schedule\jobSpider.js:21:25)
    at <anonymous>

pid: 10776
hostname: DESKTOP-N4L7F91

2017-12-20 13:52:02,906 ERROR 10776 nodejs.TypeError: Cannot read property 'model' of undefined
    at Node.<anonymous> (C:\workspace\egg\app\schedule\jobSpider.js:25:36)
    at initialize.exports.each (C:\workspace\egg\node_modules\_cheerio@1.0.0-rc.2@cheerio\lib\api\traversing.js:300:24)
    at Node.<anonymous> (C:\workspace\egg\app\schedule\jobSpider.js:23:54)
    at initialize.exports.each (C:\workspace\egg\node_modules\_cheerio@1.0.0-rc.2@cheerio\lib\api\traversing.js:300:24)
    at JobSpider.subscribe (C:\workspace\egg\app\schedule\jobSpider.js:21:25)
    at <anonymous>

pid: 10776
hostname: DESKTOP-N4L7F91

2017-12-20 13:52:02,906 ERROR 10776 nodejs.TypeError: Cannot read property 'model' of undefined
    at Node.<anonymous> (C:\workspace\egg\app\schedule\jobSpider.js:25:36)
    at initialize.exports.each (C:\workspace\egg\node_modules\_cheerio@1.0.0-rc.2@cheerio\lib\api\traversing.js:300:24)
    at Node.<anonymous> (C:\workspace\egg\app\schedule\jobSpider.js:23:54)
    at initialize.exports.each (C:\workspace\egg\node_modules\_cheerio@1.0.0-rc.2@cheerio\lib\api\traversing.js:300:24)
    at JobSpider.subscribe (C:\workspace\egg\app\schedule\jobSpider.js:21:25)
    at <anonymous>

pid: 10776
hostname: DESKTOP-N4L7F91

2017-12-20 13:52:02,906 ERROR 10776 nodejs.TypeError: Cannot read property 'model' of undefined
    at Node.<anonymous> (C:\workspace\egg\app\schedule\jobSpider.js:25:36)
    at initialize.exports.each (C:\workspace\egg\node_modules\_cheerio@1.0.0-rc.2@cheerio\lib\api\traversing.js:300:24)
    at Node.<anonymous> (C:\workspace\egg\app\schedule\jobSpider.js:23:54)
    at initialize.exports.each (C:\workspace\egg\node_modules\_cheerio@1.0.0-rc.2@cheerio\lib\api\traversing.js:300:24)
    at JobSpider.subscribe (C:\workspace\egg\app\schedule\jobSpider.js:21:25)
    at <anonymous>

pid: 10776
hostname: DESKTOP-N4L7F91

2017-12-20 13:52:02,908 ERROR 10776 nodejs.TypeError: Cannot read property 'model' of undefined
    at Node.<anonymous> (C:\workspace\egg\app\schedule\jobSpider.js:25:36)
    at initialize.exports.each (C:\workspace\egg\node_modules\_cheerio@1.0.0-rc.2@cheerio\lib\api\traversing.js:300:24)
    at Node.<anonymous> (C:\workspace\egg\app\schedule\jobSpider.js:23:54)
    at initialize.exports.each (C:\workspace\egg\node_modules\_cheerio@1.0.0-rc.2@cheerio\lib\api\traversing.js:300:24)
    at JobSpider.subscribe (C:\workspace\egg\app\schedule\jobSpider.js:21:25)
    at <anonymous>

pid: 10776
hostname: DESKTOP-N4L7F91

2017-12-20 13:52:02,908 ERROR 10776 nodejs.TypeError: Cannot read property 'model' of undefined
    at Node.<anonymous> (C:\workspace\egg\app\schedule\jobSpider.js:25:36)
    at initialize.exports.each (C:\workspace\egg\node_modules\_cheerio@1.0.0-rc.2@cheerio\lib\api\traversing.js:300:24)
    at Node.<anonymous> (C:\workspace\egg\app\schedule\jobSpider.js:23:54)
    at initialize.exports.each (C:\workspace\egg\node_modules\_cheerio@1.0.0-rc.2@cheerio\lib\api\traversing.js:300:24)
    at JobSpider.subscribe (C:\workspace\egg\app\schedule\jobSpider.js:21:25)
    at <anonymous>

pid: 10776
hostname: DESKTOP-N4L7F91

2017-12-20 13:52:02,909 ERROR 10776 nodejs.TypeError: Cannot read property 'model' of undefined
    at Node.<anonymous> (C:\workspace\egg\app\schedule\jobSpider.js:25:36)
    at initialize.exports.each (C:\workspace\egg\node_modules\_cheerio@1.0.0-rc.2@cheerio\lib\api\traversing.js:300:24)
    at Node.<anonymous> (C:\workspace\egg\app\schedule\jobSpider.js:23:54)
    at initialize.exports.each (C:\workspace\egg\node_modules\_cheerio@1.0.0-rc.2@cheerio\lib\api\traversing.js:300:24)
    at JobSpider.subscribe (C:\workspace\egg\app\schedule\jobSpider.js:21:25)
    at <anonymous>

pid: 10776
hostname: DESKTOP-N4L7F91

2017-12-20 13:52:02,909 ERROR 10776 nodejs.TypeError: Cannot read property 'model' of undefined
    at Node.<anonymous> (C:\workspace\egg\app\schedule\jobSpider.js:25:36)
    at initialize.exports.each (C:\workspace\egg\node_modules\_cheerio@1.0.0-rc.2@cheerio\lib\api\traversing.js:300:24)
    at Node.<anonymous> (C:\workspace\egg\app\schedule\jobSpider.js:23:54)
    at initialize.exports.each (C:\workspace\egg\node_modules\_cheerio@1.0.0-rc.2@cheerio\lib\api\traversing.js:300:24)
    at JobSpider.subscribe (C:\workspace\egg\app\schedule\jobSpider.js:21:25)
    at <anonymous>

pid: 10776
hostname: DESKTOP-N4L7F91

2017-12-20 13:52:02,909 ERROR 10776 nodejs.TypeError: Cannot read property 'model' of undefined
    at Node.<anonymous> (C:\workspace\egg\app\schedule\jobSpider.js:25:36)
    at initialize.exports.each (C:\workspace\egg\node_modules\_cheerio@1.0.0-rc.2@cheerio\lib\api\traversing.js:300:24)
    at Node.<anonymous> (C:\workspace\egg\app\schedule\jobSpider.js:23:54)
    at initialize.exports.each (C:\workspace\egg\node_modules\_cheerio@1.0.0-rc.2@cheerio\lib\api\traversing.js:300:24)
    at JobSpider.subscribe (C:\workspace\egg\app\schedule\jobSpider.js:21:25)
    at <anonymous>

pid: 10776
hostname: DESKTOP-N4L7F91

2017-12-20 13:52:02,909 ERROR 10776 nodejs.TypeError: Cannot read property 'model' of undefined
    at Node.<anonymous> (C:\workspace\egg\app\schedule\jobSpider.js:25:36)
    at initialize.exports.each (C:\workspace\egg\node_modules\_cheerio@1.0.0-rc.2@cheerio\lib\api\traversing.js:300:24)
    at Node.<anonymous> (C:\workspace\egg\app\schedule\jobSpider.js:23:54)
    at initialize.exports.each (C:\workspace\egg\node_modules\_cheerio@1.0.0-rc.2@cheerio\lib\api\traversing.js:300:24)
    at JobSpider.subscribe (C:\workspace\egg\app\schedule\jobSpider.js:21:25)
    at <anonymous>

pid: 10776
hostname: DESKTOP-N4L7F91

2017-12-20 13:52:02,910 ERROR 10776 nodejs.TypeError: Cannot read property 'model' of undefined
    at Node.<anonymous> (C:\workspace\egg\app\schedule\jobSpider.js:25:36)
    at initialize.exports.each (C:\workspace\egg\node_modules\_cheerio@1.0.0-rc.2@cheerio\lib\api\traversing.js:300:24)
    at Node.<anonymous> (C:\workspace\egg\app\schedule\jobSpider.js:23:54)
    at initialize.exports.each (C:\workspace\egg\node_modules\_cheerio@1.0.0-rc.2@cheerio\lib\api\traversing.js:300:24)
    at JobSpider.subscribe (C:\workspace\egg\app\schedule\jobSpider.js:21:25)
    at <anonymous>

pid: 10776
hostname: DESKTOP-N4L7F91

2017-12-20 13:52:38,985 ERROR 1644 nodejs.TypeError: Cannot read property 'model' of undefined
    at Node.<anonymous> (C:\workspace\egg\app\schedule\jobSpider.js:25:30)
    at initialize.exports.each (C:\workspace\egg\node_modules\_cheerio@1.0.0-rc.2@cheerio\lib\api\traversing.js:300:24)
    at Node.<anonymous> (C:\workspace\egg\app\schedule\jobSpider.js:23:54)
    at initialize.exports.each (C:\workspace\egg\node_modules\_cheerio@1.0.0-rc.2@cheerio\lib\api\traversing.js:300:24)
    at JobSpider.subscribe (C:\workspace\egg\app\schedule\jobSpider.js:21:25)
    at <anonymous>

pid: 1644
hostname: DESKTOP-N4L7F91

2017-12-20 13:53:51,461 ERROR 10220 nodejs.TypeError: Cannot read property 'model' of undefined
    at Node.<anonymous> (C:\workspace\egg\app\schedule\jobSpider.js:25:30)
    at initialize.exports.each (C:\workspace\egg\node_modules\_cheerio@1.0.0-rc.2@cheerio\lib\api\traversing.js:300:24)
    at Node.<anonymous> (C:\workspace\egg\app\schedule\jobSpider.js:23:54)
    at initialize.exports.each (C:\workspace\egg\node_modules\_cheerio@1.0.0-rc.2@cheerio\lib\api\traversing.js:300:24)
    at JobSpider.subscribe (C:\workspace\egg\app\schedule\jobSpider.js:21:25)
    at <anonymous>

pid: 10220
hostname: DESKTOP-N4L7F91

2017-12-20 14:45:06,178 ERROR 5068 [-/::1/-/11ms POST /zhaopin] nodejs.ReferenceError: res is not defined
    at HomeController.zhaopin (C:\workspace\egg\app\controller\home.js:23:32)
    at Object.callFn (C:\workspace\egg\node_modules\_egg-core@4.2.2@egg-core\lib\utils\index.js:44:21)
    at Object.classControllerMiddleware (C:\workspace\egg\node_modules\_egg-core@4.2.2@egg-core\lib\loader\mixin\controller.js:84:20)
    at Object.callFn (C:\workspace\egg\node_modules\_egg-core@4.2.2@egg-core\lib\utils\index.js:44:21)
    at wrappedController (C:\workspace\egg\node_modules\_egg-core@4.2.2@egg-core\lib\utils\router.js:319:18)
    at dispatch (C:\workspace\egg\node_modules\_koa-compose@3.2.1@koa-compose\index.js:44:32)
    at next (C:\workspace\egg\node_modules\_koa-compose@3.2.1@koa-compose\index.js:45:18)
    at C:\workspace\egg\node_modules\_koa-router@7.3.0@koa-router\lib\router.js:345:16
    at dispatch (C:\workspace\egg\node_modules\_koa-compose@3.2.1@koa-compose\index.js:44:32)
    at C:\workspace\egg\node_modules\_koa-compose@3.2.1@koa-compose\index.js:36:12
    at dispatch (C:\workspace\egg\node_modules\_koa-router@7.3.0@koa-router\lib\router.js:350:31)
    at dispatch (C:\workspace\egg\node_modules\_koa-compose@4.0.0@koa-compose\index.js:42:32)
    at next (C:\workspace\egg\node_modules\_koa-compose@4.0.0@koa-compose\index.js:43:18)
    at C:\workspace\egg\app\middleware\query.js:4:15
    at dispatch (C:\workspace\egg\node_modules\_koa-compose@4.0.0@koa-compose\index.js:42:32)
    at next (C:\workspace\egg\node_modules\_koa-compose@4.0.0@koa-compose\index.js:43:18)
    at C:\workspace\egg\app\middleware\request.js:4:15
    at dispatch (C:\workspace\egg\node_modules\_koa-compose@4.0.0@koa-compose\index.js:42:32)
    at next (C:\workspace\egg\node_modules\_koa-compose@4.0.0@koa-compose\index.js:43:18)
    at i18n (C:\workspace\egg\node_modules\_egg-i18n@2.0.0@egg-i18n\app\middleware\i18n.js:13:12)
    at dispatch (C:\workspace\egg\node_modules\_koa-compose@4.0.0@koa-compose\index.js:42:32)
    at next (C:\workspace\egg\node_modules\_koa-compose@4.0.0@koa-compose\index.js:43:18)
    at session (C:\workspace\egg\node_modules\_koa-session@5.5.1@koa-session\index.js:41:13)
    at dispatch (C:\workspace\egg\node_modules\_koa-compose@4.0.0@koa-compose\index.js:42:32)
    at next (C:\workspace\egg\node_modules\_koa-compose@4.0.0@koa-compose\index.js:43:18)
    at overrideMethod (C:\workspace\egg\node_modules\_koa-override@3.0.0@koa-override\index.js:38:12)
    at dispatch (C:\workspace\egg\node_modules\_koa-compose@4.0.0@koa-compose\index.js:42:32)
    at next (C:\workspace\egg\node_modules\_koa-compose@4.0.0@koa-compose\index.js:43:18)
headers: { 'Access-Control-Allow-Origin': '*' }
pid: 5068
hostname: DESKTOP-N4L7F91

2017-12-20 14:45:22,759 ERROR 5068 [-/::1/-/2ms POST /zhaopin] nodejs.ReferenceError: res is not defined
    at HomeController.zhaopin (C:\workspace\egg\app\controller\home.js:23:32)
    at Object.callFn (C:\workspace\egg\node_modules\_egg-core@4.2.2@egg-core\lib\utils\index.js:44:21)
    at Object.classControllerMiddleware (C:\workspace\egg\node_modules\_egg-core@4.2.2@egg-core\lib\loader\mixin\controller.js:84:20)
    at Object.callFn (C:\workspace\egg\node_modules\_egg-core@4.2.2@egg-core\lib\utils\index.js:44:21)
    at wrappedController (C:\workspace\egg\node_modules\_egg-core@4.2.2@egg-core\lib\utils\router.js:319:18)
    at dispatch (C:\workspace\egg\node_modules\_koa-compose@3.2.1@koa-compose\index.js:44:32)
    at next (C:\workspace\egg\node_modules\_koa-compose@3.2.1@koa-compose\index.js:45:18)
    at C:\workspace\egg\node_modules\_koa-router@7.3.0@koa-router\lib\router.js:345:16
    at dispatch (C:\workspace\egg\node_modules\_koa-compose@3.2.1@koa-compose\index.js:44:32)
    at C:\workspace\egg\node_modules\_koa-compose@3.2.1@koa-compose\index.js:36:12
    at dispatch (C:\workspace\egg\node_modules\_koa-router@7.3.0@koa-router\lib\router.js:350:31)
    at dispatch (C:\workspace\egg\node_modules\_koa-compose@4.0.0@koa-compose\index.js:42:32)
    at next (C:\workspace\egg\node_modules\_koa-compose@4.0.0@koa-compose\index.js:43:18)
    at C:\workspace\egg\app\middleware\query.js:4:15
    at dispatch (C:\workspace\egg\node_modules\_koa-compose@4.0.0@koa-compose\index.js:42:32)
    at next (C:\workspace\egg\node_modules\_koa-compose@4.0.0@koa-compose\index.js:43:18)
    at C:\workspace\egg\app\middleware\request.js:4:15
    at dispatch (C:\workspace\egg\node_modules\_koa-compose@4.0.0@koa-compose\index.js:42:32)
    at next (C:\workspace\egg\node_modules\_koa-compose@4.0.0@koa-compose\index.js:43:18)
    at i18n (C:\workspace\egg\node_modules\_egg-i18n@2.0.0@egg-i18n\app\middleware\i18n.js:13:12)
    at dispatch (C:\workspace\egg\node_modules\_koa-compose@4.0.0@koa-compose\index.js:42:32)
    at next (C:\workspace\egg\node_modules\_koa-compose@4.0.0@koa-compose\index.js:43:18)
    at session (C:\workspace\egg\node_modules\_koa-session@5.5.1@koa-session\index.js:41:13)
    at dispatch (C:\workspace\egg\node_modules\_koa-compose@4.0.0@koa-compose\index.js:42:32)
    at next (C:\workspace\egg\node_modules\_koa-compose@4.0.0@koa-compose\index.js:43:18)
    at overrideMethod (C:\workspace\egg\node_modules\_koa-override@3.0.0@koa-override\index.js:38:12)
    at dispatch (C:\workspace\egg\node_modules\_koa-compose@4.0.0@koa-compose\index.js:42:32)
    at next (C:\workspace\egg\node_modules\_koa-compose@4.0.0@koa-compose\index.js:43:18)
headers: { 'Access-Control-Allow-Origin': '*' }
pid: 5068
hostname: DESKTOP-N4L7F91

2017-12-20 15:12:25,274 ERROR 10860 nodejs.unhandledExceptionError: read ECONNRESET
    at _errnoException (util.js:1031:13)
    at TCP.onread (net.js:619:25)
errno: 'ECONNRESET'
code: 'ECONNRESET'
syscall: 'read'
name: 'unhandledExceptionError'
pid: 10860
hostname: DESKTOP-N4L7F91

2017-12-21 14:27:46,194 ERROR 7888 [-/::1/-/39ms POST /log] nodejs.SyntaxError: Unexpected number
(function (exports, require, module, __filename, __dirname) { 2017-12-12 17:17:05,920 INFO 37264 [egg:logger] init all loggers with options: {"dir":"C:\\workspace\\egg\\logs\\egg","encoding":"utf8","env":"local","level":"INFO","consoleLevel":"INFO","disableConsoleAfterReady":false,"outputJSON":false,"buffer":true,"appLogName":"egg-web.log","coreLogName":"egg-web.log","agentLogName":"egg-agent.log","errorLogName":"common-error.log","coreLogger":{"consoleLevel":"WARN"},"allowDebugAtProd":true,"type":"agent"}
                                                                         ^^

SyntaxError: Unexpected number
    at createScript (vm.js:80:10)
    at Object.runInThisContext (vm.js:152:10)
    at Module._compile (module.js:605:28)
    at Object.Module._extensions..js (module.js:652:10)
    at Module.load (module.js:560:32)
    at tryModuleLoad (module.js:503:12)
    at Function.Module._load (module.js:495:3)
    at Module.require (module.js:585:17)
    at require (internal/module.js:11:18)
    at HomeController.log (C:\workspace\egg\app\controller\home.js:31:25)
    at Object.callFn (C:\workspace\egg\node_modules\_egg-core@4.2.2@egg-core\lib\utils\index.js:44:21)
    at Object.classControllerMiddleware (C:\workspace\egg\node_modules\_egg-core@4.2.2@egg-core\lib\loader\mixin\controller.js:84:20)
    at Object.callFn (C:\workspace\egg\node_modules\_egg-core@4.2.2@egg-core\lib\utils\index.js:44:21)
    at wrappedController (C:\workspace\egg\node_modules\_egg-core@4.2.2@egg-core\lib\utils\router.js:319:18)
    at dispatch (C:\workspace\egg\node_modules\_koa-compose@3.2.1@koa-compose\index.js:44:32)
    at next (C:\workspace\egg\node_modules\_koa-compose@3.2.1@koa-compose\index.js:45:18)
    at C:\workspace\egg\node_modules\_koa-router@7.3.0@koa-router\lib\router.js:345:16
    at dispatch (C:\workspace\egg\node_modules\_koa-compose@3.2.1@koa-compose\index.js:44:32)
    at C:\workspace\egg\node_modules\_koa-compose@3.2.1@koa-compose\index.js:36:12
    at dispatch (C:\workspace\egg\node_modules\_koa-router@7.3.0@koa-router\lib\router.js:350:31)
    at dispatch (C:\workspace\egg\node_modules\_koa-compose@4.0.0@koa-compose\index.js:42:32)
    at next (C:\workspace\egg\node_modules\_koa-compose@4.0.0@koa-compose\index.js:43:18)
    at C:\workspace\egg\app\middleware\query.js:4:15
    at dispatch (C:\workspace\egg\node_modules\_koa-compose@4.0.0@koa-compose\index.js:42:32)
    at next (C:\workspace\egg\node_modules\_koa-compose@4.0.0@koa-compose\index.js:43:18)
    at C:\workspace\egg\app\middleware\request.js:4:15
    at dispatch (C:\workspace\egg\node_modules\_koa-compose@4.0.0@koa-compose\index.js:42:32)
    at next (C:\workspace\egg\node_modules\_koa-compose@4.0.0@koa-compose\index.js:43:18)
headers: { 'Access-Control-Allow-Origin': '*' }
pid: 7888
hostname: DESKTOP-N4L7F91

2017-12-21 14:30:33,066 ERROR 2100 [-/::1/-/28ms POST /log] nodejs.ENOENTError: ENOENT: no such file or directory, open 'C:\logs\egg\egg-agent.log'
    at Object.fs.openSync (fs.js:663:18)
    at Object.fs.readFileSync (fs.js:568:33)
    at HomeController.log (C:\workspace\egg\app\controller\home.js:31:32)
    at Object.callFn (C:\workspace\egg\node_modules\_egg-core@4.2.2@egg-core\lib\utils\index.js:44:21)
    at Object.classControllerMiddleware (C:\workspace\egg\node_modules\_egg-core@4.2.2@egg-core\lib\loader\mixin\controller.js:84:20)
    at Object.callFn (C:\workspace\egg\node_modules\_egg-core@4.2.2@egg-core\lib\utils\index.js:44:21)
    at wrappedController (C:\workspace\egg\node_modules\_egg-core@4.2.2@egg-core\lib\utils\router.js:319:18)
    at dispatch (C:\workspace\egg\node_modules\_koa-compose@3.2.1@koa-compose\index.js:44:32)
    at next (C:\workspace\egg\node_modules\_koa-compose@3.2.1@koa-compose\index.js:45:18)
    at C:\workspace\egg\node_modules\_koa-router@7.3.0@koa-router\lib\router.js:345:16
    at dispatch (C:\workspace\egg\node_modules\_koa-compose@3.2.1@koa-compose\index.js:44:32)
    at C:\workspace\egg\node_modules\_koa-compose@3.2.1@koa-compose\index.js:36:12
    at dispatch (C:\workspace\egg\node_modules\_koa-router@7.3.0@koa-router\lib\router.js:350:31)
    at dispatch (C:\workspace\egg\node_modules\_koa-compose@4.0.0@koa-compose\index.js:42:32)
    at next (C:\workspace\egg\node_modules\_koa-compose@4.0.0@koa-compose\index.js:43:18)
    at C:\workspace\egg\app\middleware\query.js:4:15
    at dispatch (C:\workspace\egg\node_modules\_koa-compose@4.0.0@koa-compose\index.js:42:32)
    at next (C:\workspace\egg\node_modules\_koa-compose@4.0.0@koa-compose\index.js:43:18)
    at C:\workspace\egg\app\middleware\request.js:4:15
    at dispatch (C:\workspace\egg\node_modules\_koa-compose@4.0.0@koa-compose\index.js:42:32)
    at next (C:\workspace\egg\node_modules\_koa-compose@4.0.0@koa-compose\index.js:43:18)
    at i18n (C:\workspace\egg\node_modules\_egg-i18n@2.0.0@egg-i18n\app\middleware\i18n.js:13:12)
    at dispatch (C:\workspace\egg\node_modules\_koa-compose@4.0.0@koa-compose\index.js:42:32)
    at next (C:\workspace\egg\node_modules\_koa-compose@4.0.0@koa-compose\index.js:43:18)
    at session (C:\workspace\egg\node_modules\_koa-session@5.5.1@koa-session\index.js:41:13)
    at dispatch (C:\workspace\egg\node_modules\_koa-compose@4.0.0@koa-compose\index.js:42:32)
    at next (C:\workspace\egg\node_modules\_koa-compose@4.0.0@koa-compose\index.js:43:18)
    at overrideMethod (C:\workspace\egg\node_modules\_koa-override@3.0.0@koa-override\index.js:38:12)
errno: -4058
code: 'ENOENT'
syscall: 'open'
path: 'C:\\logs\\egg\\egg-agent.log'
headers: { 'Access-Control-Allow-Origin': '*' }
name: 'ENOENTError'
pid: 2100
hostname: DESKTOP-N4L7F91

2017-12-21 14:32:07,444 ERROR 3472 [-/::1/-/30ms POST /log] nodejs.ENOENTError: ENOENT: no such file or directory, open 'C:\workspace\egg\app\logs\egg\egg-agent.log'
    at Object.fs.openSync (fs.js:663:18)
    at Object.fs.readFileSync (fs.js:568:33)
    at HomeController.log (C:\workspace\egg\app\controller\home.js:32:32)
    at Object.callFn (C:\workspace\egg\node_modules\_egg-core@4.2.2@egg-core\lib\utils\index.js:44:21)
    at Object.classControllerMiddleware (C:\workspace\egg\node_modules\_egg-core@4.2.2@egg-core\lib\loader\mixin\controller.js:84:20)
    at Object.callFn (C:\workspace\egg\node_modules\_egg-core@4.2.2@egg-core\lib\utils\index.js:44:21)
    at wrappedController (C:\workspace\egg\node_modules\_egg-core@4.2.2@egg-core\lib\utils\router.js:319:18)
    at dispatch (C:\workspace\egg\node_modules\_koa-compose@3.2.1@koa-compose\index.js:44:32)
    at next (C:\workspace\egg\node_modules\_koa-compose@3.2.1@koa-compose\index.js:45:18)
    at C:\workspace\egg\node_modules\_koa-router@7.3.0@koa-router\lib\router.js:345:16
    at dispatch (C:\workspace\egg\node_modules\_koa-compose@3.2.1@koa-compose\index.js:44:32)
    at C:\workspace\egg\node_modules\_koa-compose@3.2.1@koa-compose\index.js:36:12
    at dispatch (C:\workspace\egg\node_modules\_koa-router@7.3.0@koa-router\lib\router.js:350:31)
    at dispatch (C:\workspace\egg\node_modules\_koa-compose@4.0.0@koa-compose\index.js:42:32)
    at next (C:\workspace\egg\node_modules\_koa-compose@4.0.0@koa-compose\index.js:43:18)
    at C:\workspace\egg\app\middleware\query.js:4:15
    at dispatch (C:\workspace\egg\node_modules\_koa-compose@4.0.0@koa-compose\index.js:42:32)
    at next (C:\workspace\egg\node_modules\_koa-compose@4.0.0@koa-compose\index.js:43:18)
    at C:\workspace\egg\app\middleware\request.js:4:15
    at dispatch (C:\workspace\egg\node_modules\_koa-compose@4.0.0@koa-compose\index.js:42:32)
    at next (C:\workspace\egg\node_modules\_koa-compose@4.0.0@koa-compose\index.js:43:18)
    at i18n (C:\workspace\egg\node_modules\_egg-i18n@2.0.0@egg-i18n\app\middleware\i18n.js:13:12)
    at dispatch (C:\workspace\egg\node_modules\_koa-compose@4.0.0@koa-compose\index.js:42:32)
    at next (C:\workspace\egg\node_modules\_koa-compose@4.0.0@koa-compose\index.js:43:18)
    at session (C:\workspace\egg\node_modules\_koa-session@5.5.1@koa-session\index.js:41:13)
    at dispatch (C:\workspace\egg\node_modules\_koa-compose@4.0.0@koa-compose\index.js:42:32)
    at next (C:\workspace\egg\node_modules\_koa-compose@4.0.0@koa-compose\index.js:43:18)
    at overrideMethod (C:\workspace\egg\node_modules\_koa-override@3.0.0@koa-override\index.js:38:12)
errno: -4058
code: 'ENOENT'
syscall: 'open'
path: 'C:\\workspace\\egg\\app\\logs\\egg\\egg-agent.log'
headers: { 'Access-Control-Allow-Origin': '*' }
name: 'ENOENTError'
pid: 3472
hostname: DESKTOP-N4L7F91

2017-12-21 15:38:09,637 ERROR 8544 nodejs.unhandledExceptionError: read ECONNRESET
    at _errnoException (util.js:1031:13)
    at TCP.onread (net.js:619:25)
errno: 'ECONNRESET'
code: 'ECONNRESET'
syscall: 'read'
name: 'unhandledExceptionError'
pid: 8544
hostname: DESKTOP-N4L7F91

